DEBUG http-nio-8888-exec-8 druid.sql.ResultSet - {conn-10005, pstmt-20009, rs-50009} closed
DEBUG http-nio-8888-exec-8 druid.sql.Statement - {conn-10005, pstmt-20009} closed
DEBUG http-nio-8888-exec-8 druid.sql.Connection - {conn-10005} pool-recycle
DEBUG http-nio-8888-exec-7 druid.sql.Connection - {conn-10005} pool-connect
DEBUG http-nio-8888-exec-7 druid.sql.Statement - {conn-10005, pstmt-20010} created. SELECT count(0) FROM article_description a
DEBUG http-nio-8888-exec-7 druid.sql.Statement - {conn-10005, pstmt-20010} Parameters : []
DEBUG http-nio-8888-exec-7 druid.sql.Statement - {conn-10005, pstmt-20010} Types : []
DEBUG http-nio-8888-exec-7 druid.sql.Statement - {conn-10005, pstmt-20010} executed. 6.602412 millis. SELECT count(0) FROM article_description a
DEBUG http-nio-8888-exec-7 druid.sql.ResultSet - {conn-10005, pstmt-20010, rs-50010} open
DEBUG http-nio-8888-exec-7 druid.sql.ResultSet - {conn-10005, pstmt-20010, rs-50010} Header: [count(0)]
DEBUG http-nio-8888-exec-7 druid.sql.ResultSet - {conn-10005, pstmt-20010, rs-50010} Result: [233]
DEBUG http-nio-8888-exec-7 druid.sql.ResultSet - {conn-10005, pstmt-20010, rs-50010} closed
DEBUG http-nio-8888-exec-7 druid.sql.Statement - {conn-10005, pstmt-20010} closed
DEBUG http-nio-8888-exec-7 druid.sql.Statement - {conn-10005, pstmt-20011} created. select a.*,(select GROUP_CONCAT(name) as tags from tag b where a.xuehua_id = b.xuehua_id) as tags from article_description a order by a.modify_time desc,id asc limit ?,?
DEBUG http-nio-8888-exec-7 druid.sql.Statement - {conn-10005, pstmt-20011} Parameters : [0, 20]
DEBUG http-nio-8888-exec-7 druid.sql.Statement - {conn-10005, pstmt-20011} Types : [INTEGER, INTEGER]
DEBUG http-nio-8888-exec-7 druid.sql.Statement - {conn-10005, pstmt-20011} executed. 26.948612 millis. select a.*,(select GROUP_CONCAT(name) as tags from tag b where a.xuehua_id = b.xuehua_id) as tags from article_description a order by a.modify_time desc,id asc limit ?,?
DEBUG http-nio-8888-exec-7 druid.sql.ResultSet - {conn-10005, pstmt-20011, rs-50011} open
DEBUG http-nio-8888-exec-7 druid.sql.ResultSet - {conn-10005, pstmt-20011, rs-50011} Header: [id, title, hot, type, author, create_time, good_num, message_num, article_url, author_url, is_origin, modify_time, xuehua_id, tags]
DEBUG http-nio-8888-exec-7 druid.sql.ResultSet - {conn-10005, pstmt-20011, rs-50011} Result: [140, 漫话：如何给女朋友解释为什么双11无法修改收货地址, -1, post, 漫话编程_公众号mhcoding, 2018-11-12 10:18:08.0, 145, 39, https://juejin.im/post/5be84b54e51d4540697f2b67, https://juejin.im/user/5ab1e12d6fb9a028be35de21, -1, 2018-11-15 11:00:06.0, 1062072548205789184, 后端,服务器,游戏]
DEBUG http-nio-8888-exec-7 druid.sql.ResultSet - {conn-10005, pstmt-20011, rs-50011} Result: [211, 一文理解Netty模型架构, -1, post, 贝途, 2018-11-13 08:41:19.0, 70, 2, https://juejin.im/post/5bea1d2e51882523d3163657, https://juejin.im/user/599293375188257c666c674e, -1, 2018-11-15 11:00:06.0, 1062238646414868480, Netty,后端,服务器,架构]
DEBUG http-nio-8888-exec-7 druid.sql.ResultSet - {conn-10005, pstmt-20011, rs-50011} Result: [287, 我用 Python 爬取了妹子网100G的套图, -1, article, 小柒2012, 2018-11-13 10:08:47.0, 66, 25, https://mp.weixin.qq.com/s/Z8uqUSxVIhqulhAvVyzHTg, https://juejin.im/user/5afe8a7c518825673b62444b, -1, 2018-11-15 11:00:06.0, 1062404729591562240, Python,人工智能,后端,服务器]
DEBUG http-nio-8888-exec-7 druid.sql.ResultSet - {conn-10005, pstmt-20011, rs-50011} Result: [292, 如何健壮你的后端服务, -1, article, 匠心零度, 2018-11-14 10:10:56.0, 14, 0, https://mp.weixin.qq.com/s?__biz=MzU2NjIzNDk5NQ==&mid=2247485243&idx=1&sn=c4fdad4b4d77861f74b384e0a0d95c4a&chksm=fcaedd27cbd95431c59393b34f7b18a44625bbb1361bbc1de3282d00743cee148d8d16a3b91a&token=946927121&lang=zh_CN#rd, https://juejin.im/user/59e4b70c6fb9a045211dc32a, -1, 2018-11-15 11:00:06.0, 1062540624625926144, Java,后端,服务器]
DEBUG http-nio-8888-exec-7 druid.sql.ResultSet - {conn-10005, pstmt-20011, rs-50011} Result: [304, Nginx 不停机升级 及 gzip 压缩优化, -1, post, haifeiWu, 2018-11-14 10:04:53.0, 9, 0, https://juejin.im/post/5beb823ff265da612577a97c, https://juejin.im/user/586afdba128fe1005708f07b, -1, 2018-11-15 11:00:06.0, 1062540629298380800, Nginx,后端,百度]
DEBUG http-nio-8888-exec-7 druid.sql.ResultSet - {conn-10005, pstmt-20011, rs-50011} Result: [305, MySQL 的索引是什么？怎么优化？, -1, article, 民工哥技术之路, 2018-11-14 10:12:26.0, 17, 0, https://mp.weixin.qq.com/s?__biz=MzI0MDQ4MTM5NQ==&mid=2247487492&idx=2&sn=319be0c2fdd5a89c9464c9f2775ed551&chksm=e91b7518de6cfc0ec75c032b1bdb9b6fe90c505d543c2b45c6d021accd72a8127e6f6b54ec1b&token=1617132956&lang=zh_CN#rd, https://juejin.im/user/5aab5d5c6fb9a028df225fb8, -1, 2018-11-15 11:00:06.0, 1062540629361295360, MySQL,SQL,产品,后端]
DEBUG http-nio-8888-exec-7 druid.sql.ResultSet - {conn-10005, pstmt-20011, rs-50011} Result: [307, Python3爬取英雄联盟英雄皮肤大图, -1, post, gxcuizy, 2018-11-14 11:11:16.0, 9, 0, https://juejin.im/post/5beafb3351882545f72ffeec, https://juejin.im/user/59b0de6e5188250f4850ea06, -1, 2018-11-15 11:00:06.0, 1062555724183240704, GitHub,JavaScript,Python,爬虫]
DEBUG http-nio-8888-exec-7 druid.sql.ResultSet - {conn-10005, pstmt-20011, rs-50011} Result: [308, TarsGo新版本发布，支持protobuf，zipkin和自定义插件, -1, post, TARS小助手, 2018-11-14 11:33:56.0, 7, 0, https://juejin.im/post/5bea8ebdf265da614a3a092f, https://juejin.im/user/5bea8de3518825271b3d6be2, -1, 2018-11-15 11:00:06.0, 1062555724283904000, Go,gRPC,protobuf,开源]
DEBUG http-nio-8888-exec-7 druid.sql.ResultSet - {conn-10005, pstmt-20011, rs-50011} Result: [311, 兄弟，用大白话告诉你小白都能看懂的Hadoop架构原理, -1, post, 石杉的架构笔记, 2018-11-14 10:11:02.0, 20, 4, https://juejin.im/post/5beaf02ce51d457e90196069, https://juejin.im/user/5be0588ae51d452b0255727d, -1, 2018-11-15 11:00:06.0, 1062570824067710976, Hadoop,HDFS,MySQL,架构]
DEBUG http-nio-8888-exec-7 druid.sql.ResultSet - {conn-10005, pstmt-20011, rs-50011} Result: [312, 两分钟了解Java中volatile！, -1, post, 我是绿色大米呀, 2018-11-14 09:38:37.0, 2, 0, https://juejin.im/post/5beb7780e51d4509192b4196, https://juejin.im/user/58dfdd24b123db00604bc8d5, -1, 2018-11-15 11:00:06.0, 1062570824222900224, Java,JVM,后端]
DEBUG http-nio-8888-exec-7 druid.sql.ResultSet - {conn-10005, pstmt-20011, rs-50011} Result: [313, MySQL查询过程和高级查询, -1, article, 匠心零度, 2018-11-14 13:53:18.0, 5, 0, https://mp.weixin.qq.com/s?__biz=MzU2NjIzNDk5NQ==&mid=2247485230&idx=2&sn=add807d2b282596283cbd566ad7d7bc1&chksm=fcaedd32cbd95424050d895ac23683a6a7dbcb726b785c729e730b5699e2fd58f55c38e2452e&token=946927121&lang=zh_CN#rd, https://juejin.im/user/59e4b70c6fb9a045211dc32a, -1, 2018-11-15 11:00:06.0, 1062585923755048960, MySQL,SQL]
DEBUG http-nio-8888-exec-7 druid.sql.ResultSet - {conn-10005, pstmt-20011, rs-50011} Result: [329, 几个可以提高工作效率的 Python 内置小工具, -1, post, 追忆MHyourh, 2018-11-14 15:05:23.0, 3, 0, https://juejin.im/post/5bead2dee51d4575125a3589, https://juejin.im/user/5b0133bdf265da0b9265dcf4, -1, 2018-11-15 11:00:06.0, 1062616122274086912, JSON,Python,后端,服务器]
DEBUG http-nio-8888-exec-7 druid.sql.ResultSet - {conn-10005, pstmt-20011, rs-50011} Result: [335, 使用ThreadLocal不当可能会导致内存泄露, -1, article, 这里的文章值得一看, 2018-11-14 15:12:22.0, 4, 0, http://zhuanlan.zhihu.com/p/48342216, https://juejin.im/user/5bcec8455188255c6978411c, -1, 2018-11-15 11:00:06.0, 1062616126514528256, Java]
DEBUG http-nio-8888-exec-7 druid.sql.ResultSet - {conn-10005, pstmt-20011, rs-50011} Result: [343, Spring使用之IOC, -1, post, just_coding, 2018-11-14 16:12:20.0, 1, 0, https://juejin.im/post/5be6483cf265da614171157c, https://juejin.im/user/5ba1acbff265da0aa06eeb07, -1, 2018-11-15 11:00:06.0, 1062631221848178688, Java,Spring,后端,容器]
DEBUG http-nio-8888-exec-7 druid.sql.ResultSet - {conn-10005, pstmt-20011, rs-50011} Result: [344, java synchronize - 线程同步原理, -1, post, 爬蜥, 2018-11-14 16:15:14.0, 4, 0, https://juejin.im/post/5be6e5f4e51d454e0a1cbb95, https://juejin.im/user/5adc84c1f265da0b8d41840a, -1, 2018-11-15 11:00:06.0, 1062631222049505280, Java,JVM,后端]
DEBUG http-nio-8888-exec-7 druid.sql.ResultSet - {conn-10005, pstmt-20011, rs-50011} Result: [352, 数据库中间件 Sharding-JDBC 源码分析 —— SQL 解析（三）之查询SQL, -1, article, Java公众号_芋道源码_每日更新, 2018-11-14 06:00:35.0, 21, 0, http://www.iocoder.cn/Sharding-JDBC/sql-parse-3?juejin&2018-11-14, https://juejin.im/user/5904c637b123db3ee479d923, -1, 2018-11-15 11:00:06.0, 1062631222452158464, Java]
DEBUG http-nio-8888-exec-7 druid.sql.ResultSet - {conn-10005, pstmt-20011, rs-50011} Result: [355, 使用 Kotlin + Spring Boot 进行后端开发, -1, post, Tony沈哲, 2018-11-14 13:36:36.0, 8, 0, https://juejin.im/post/5bebb4436fb9a04a072feb74, https://juejin.im/user/58691abe1b69e6006b499792, -1, 2018-11-15 11:00:06.0, 1062631235752296448, Kotlin,Redis,Spring Boot,后端]
DEBUG http-nio-8888-exec-7 druid.sql.ResultSet - {conn-10005, pstmt-20011, rs-50011} Result: [374, 用Python生成马赛克画, -1, post, 沈仲强, 2018-11-14 17:34:53.0, 2, 1, https://juejin.im/post/5bebd93fe51d45276d661bd5, https://juejin.im/user/5add42d6518825671f2f5e26, -1, 2018-11-15 11:00:06.0, 1062646321304829952, GitHub,Python,后端,数据分析]
DEBUG http-nio-8888-exec-7 druid.sql.ResultSet - {conn-10005, pstmt-20011, rs-50011} Result: [375, Kotlin 的解析(上), -1, post, 春来江水绿如蓝, 2018-11-14 17:44:39.0, 2, 0, https://juejin.im/post/5beaf5f86fb9a04a0c2dfd0b, https://juejin.im/user/5921063a570c350069a946cf, -1, 2018-11-15 11:00:06.0, 1062646321644568576, Android,Java,Kotlin,编程语言]
DEBUG http-nio-8888-exec-7 druid.sql.ResultSet - {conn-10005, pstmt-20011, rs-50011} Result: [376, 常用验证码的识别方法, -1, post, 网易云社区, 2018-11-14 17:42:58.0, 6, 0, https://juejin.im/post/5bea7d786fb9a049b77fe6f2, https://juejin.im/user/5ab35ebbf265da23884cf80c, -1, 2018-11-15 11:00:06.0, 1062646321707483136, Google,安全,机器学习,算法]
DEBUG http-nio-8888-exec-7 druid.sql.ResultSet - {conn-10005, pstmt-20011, rs-50011} closed
DEBUG http-nio-8888-exec-7 druid.sql.Statement - {conn-10005, pstmt-20011} closed
DEBUG http-nio-8888-exec-7 druid.sql.Connection - {conn-10005} pool-recycle
DEBUG http-nio-8888-exec-10 druid.sql.Connection - {conn-10005} pool-connect
DEBUG http-nio-8888-exec-10 druid.sql.Statement - {conn-10005, pstmt-20012} created. SELECT count(0) FROM article_description a
DEBUG http-nio-8888-exec-10 druid.sql.Statement - {conn-10005, pstmt-20012} Parameters : []
DEBUG http-nio-8888-exec-10 druid.sql.Statement - {conn-10005, pstmt-20012} Types : []
DEBUG http-nio-8888-exec-10 druid.sql.Statement - {conn-10005, pstmt-20012} executed. 7.189505 millis. SELECT count(0) FROM article_description a
DEBUG http-nio-8888-exec-10 druid.sql.ResultSet - {conn-10005, pstmt-20012, rs-50012} open
DEBUG http-nio-8888-exec-10 druid.sql.ResultSet - {conn-10005, pstmt-20012, rs-50012} Header: [count(0)]
DEBUG http-nio-8888-exec-10 druid.sql.ResultSet - {conn-10005, pstmt-20012, rs-50012} Result: [233]
DEBUG http-nio-8888-exec-10 druid.sql.ResultSet - {conn-10005, pstmt-20012, rs-50012} closed
DEBUG http-nio-8888-exec-10 druid.sql.Statement - {conn-10005, pstmt-20012} closed
DEBUG http-nio-8888-exec-10 druid.sql.Statement - {conn-10005, pstmt-20013} created. select a.*,(select GROUP_CONCAT(name) as tags from tag b where a.xuehua_id = b.xuehua_id) as tags from article_description a order by a.modify_time desc,id asc limit ?,?
DEBUG http-nio-8888-exec-10 druid.sql.Statement - {conn-10005, pstmt-20013} Parameters : [0, 20]
DEBUG http-nio-8888-exec-10 druid.sql.Statement - {conn-10005, pstmt-20013} Types : [INTEGER, INTEGER]
DEBUG http-nio-8888-exec-10 druid.sql.Statement - {conn-10005, pstmt-20013} executed. 30.485509 millis. select a.*,(select GROUP_CONCAT(name) as tags from tag b where a.xuehua_id = b.xuehua_id) as tags from article_description a order by a.modify_time desc,id asc limit ?,?
DEBUG http-nio-8888-exec-10 druid.sql.ResultSet - {conn-10005, pstmt-20013, rs-50013} open
DEBUG http-nio-8888-exec-10 druid.sql.ResultSet - {conn-10005, pstmt-20013, rs-50013} Header: [id, title, hot, type, author, create_time, good_num, message_num, article_url, author_url, is_origin, modify_time, xuehua_id, tags]
DEBUG http-nio-8888-exec-10 druid.sql.ResultSet - {conn-10005, pstmt-20013, rs-50013} Result: [140, 漫话：如何给女朋友解释为什么双11无法修改收货地址, -1, post, 漫话编程_公众号mhcoding, 2018-11-12 10:18:08.0, 145, 39, https://juejin.im/post/5be84b54e51d4540697f2b67, https://juejin.im/user/5ab1e12d6fb9a028be35de21, -1, 2018-11-15 11:00:06.0, 1062072548205789184, 后端,服务器,游戏]
DEBUG http-nio-8888-exec-10 druid.sql.ResultSet - {conn-10005, pstmt-20013, rs-50013} Result: [211, 一文理解Netty模型架构, -1, post, 贝途, 2018-11-13 08:41:19.0, 70, 2, https://juejin.im/post/5bea1d2e51882523d3163657, https://juejin.im/user/599293375188257c666c674e, -1, 2018-11-15 11:00:06.0, 1062238646414868480, Netty,后端,服务器,架构]
DEBUG http-nio-8888-exec-10 druid.sql.ResultSet - {conn-10005, pstmt-20013, rs-50013} Result: [287, 我用 Python 爬取了妹子网100G的套图, -1, article, 小柒2012, 2018-11-13 10:08:47.0, 66, 25, https://mp.weixin.qq.com/s/Z8uqUSxVIhqulhAvVyzHTg, https://juejin.im/user/5afe8a7c518825673b62444b, -1, 2018-11-15 11:00:06.0, 1062404729591562240, Python,人工智能,后端,服务器]
DEBUG http-nio-8888-exec-10 druid.sql.ResultSet - {conn-10005, pstmt-20013, rs-50013} Result: [292, 如何健壮你的后端服务, -1, article, 匠心零度, 2018-11-14 10:10:56.0, 14, 0, https://mp.weixin.qq.com/s?__biz=MzU2NjIzNDk5NQ==&mid=2247485243&idx=1&sn=c4fdad4b4d77861f74b384e0a0d95c4a&chksm=fcaedd27cbd95431c59393b34f7b18a44625bbb1361bbc1de3282d00743cee148d8d16a3b91a&token=946927121&lang=zh_CN#rd, https://juejin.im/user/59e4b70c6fb9a045211dc32a, -1, 2018-11-15 11:00:06.0, 1062540624625926144, Java,后端,服务器]
DEBUG http-nio-8888-exec-10 druid.sql.ResultSet - {conn-10005, pstmt-20013, rs-50013} Result: [304, Nginx 不停机升级 及 gzip 压缩优化, -1, post, haifeiWu, 2018-11-14 10:04:53.0, 9, 0, https://juejin.im/post/5beb823ff265da612577a97c, https://juejin.im/user/586afdba128fe1005708f07b, -1, 2018-11-15 11:00:06.0, 1062540629298380800, Nginx,后端,百度]
DEBUG http-nio-8888-exec-10 druid.sql.ResultSet - {conn-10005, pstmt-20013, rs-50013} Result: [305, MySQL 的索引是什么？怎么优化？, -1, article, 民工哥技术之路, 2018-11-14 10:12:26.0, 17, 0, https://mp.weixin.qq.com/s?__biz=MzI0MDQ4MTM5NQ==&mid=2247487492&idx=2&sn=319be0c2fdd5a89c9464c9f2775ed551&chksm=e91b7518de6cfc0ec75c032b1bdb9b6fe90c505d543c2b45c6d021accd72a8127e6f6b54ec1b&token=1617132956&lang=zh_CN#rd, https://juejin.im/user/5aab5d5c6fb9a028df225fb8, -1, 2018-11-15 11:00:06.0, 1062540629361295360, MySQL,SQL,产品,后端]
DEBUG http-nio-8888-exec-10 druid.sql.ResultSet - {conn-10005, pstmt-20013, rs-50013} Result: [307, Python3爬取英雄联盟英雄皮肤大图, -1, post, gxcuizy, 2018-11-14 11:11:16.0, 9, 0, https://juejin.im/post/5beafb3351882545f72ffeec, https://juejin.im/user/59b0de6e5188250f4850ea06, -1, 2018-11-15 11:00:06.0, 1062555724183240704, GitHub,JavaScript,Python,爬虫]
DEBUG http-nio-8888-exec-10 druid.sql.ResultSet - {conn-10005, pstmt-20013, rs-50013} Result: [308, TarsGo新版本发布，支持protobuf，zipkin和自定义插件, -1, post, TARS小助手, 2018-11-14 11:33:56.0, 7, 0, https://juejin.im/post/5bea8ebdf265da614a3a092f, https://juejin.im/user/5bea8de3518825271b3d6be2, -1, 2018-11-15 11:00:06.0, 1062555724283904000, Go,gRPC,protobuf,开源]
DEBUG http-nio-8888-exec-10 druid.sql.ResultSet - {conn-10005, pstmt-20013, rs-50013} Result: [311, 兄弟，用大白话告诉你小白都能看懂的Hadoop架构原理, -1, post, 石杉的架构笔记, 2018-11-14 10:11:02.0, 20, 4, https://juejin.im/post/5beaf02ce51d457e90196069, https://juejin.im/user/5be0588ae51d452b0255727d, -1, 2018-11-15 11:00:06.0, 1062570824067710976, Hadoop,HDFS,MySQL,架构]
DEBUG http-nio-8888-exec-10 druid.sql.ResultSet - {conn-10005, pstmt-20013, rs-50013} Result: [312, 两分钟了解Java中volatile！, -1, post, 我是绿色大米呀, 2018-11-14 09:38:37.0, 2, 0, https://juejin.im/post/5beb7780e51d4509192b4196, https://juejin.im/user/58dfdd24b123db00604bc8d5, -1, 2018-11-15 11:00:06.0, 1062570824222900224, Java,JVM,后端]
DEBUG http-nio-8888-exec-10 druid.sql.ResultSet - {conn-10005, pstmt-20013, rs-50013} Result: [313, MySQL查询过程和高级查询, -1, article, 匠心零度, 2018-11-14 13:53:18.0, 5, 0, https://mp.weixin.qq.com/s?__biz=MzU2NjIzNDk5NQ==&mid=2247485230&idx=2&sn=add807d2b282596283cbd566ad7d7bc1&chksm=fcaedd32cbd95424050d895ac23683a6a7dbcb726b785c729e730b5699e2fd58f55c38e2452e&token=946927121&lang=zh_CN#rd, https://juejin.im/user/59e4b70c6fb9a045211dc32a, -1, 2018-11-15 11:00:06.0, 1062585923755048960, MySQL,SQL]
DEBUG http-nio-8888-exec-10 druid.sql.ResultSet - {conn-10005, pstmt-20013, rs-50013} Result: [329, 几个可以提高工作效率的 Python 内置小工具, -1, post, 追忆MHyourh, 2018-11-14 15:05:23.0, 3, 0, https://juejin.im/post/5bead2dee51d4575125a3589, https://juejin.im/user/5b0133bdf265da0b9265dcf4, -1, 2018-11-15 11:00:06.0, 1062616122274086912, JSON,Python,后端,服务器]
DEBUG http-nio-8888-exec-10 druid.sql.ResultSet - {conn-10005, pstmt-20013, rs-50013} Result: [335, 使用ThreadLocal不当可能会导致内存泄露, -1, article, 这里的文章值得一看, 2018-11-14 15:12:22.0, 4, 0, http://zhuanlan.zhihu.com/p/48342216, https://juejin.im/user/5bcec8455188255c6978411c, -1, 2018-11-15 11:00:06.0, 1062616126514528256, Java]
DEBUG http-nio-8888-exec-10 druid.sql.ResultSet - {conn-10005, pstmt-20013, rs-50013} Result: [343, Spring使用之IOC, -1, post, just_coding, 2018-11-14 16:12:20.0, 1, 0, https://juejin.im/post/5be6483cf265da614171157c, https://juejin.im/user/5ba1acbff265da0aa06eeb07, -1, 2018-11-15 11:00:06.0, 1062631221848178688, Java,Spring,后端,容器]
DEBUG http-nio-8888-exec-10 druid.sql.ResultSet - {conn-10005, pstmt-20013, rs-50013} Result: [344, java synchronize - 线程同步原理, -1, post, 爬蜥, 2018-11-14 16:15:14.0, 4, 0, https://juejin.im/post/5be6e5f4e51d454e0a1cbb95, https://juejin.im/user/5adc84c1f265da0b8d41840a, -1, 2018-11-15 11:00:06.0, 1062631222049505280, Java,JVM,后端]
DEBUG http-nio-8888-exec-10 druid.sql.ResultSet - {conn-10005, pstmt-20013, rs-50013} Result: [352, 数据库中间件 Sharding-JDBC 源码分析 —— SQL 解析（三）之查询SQL, -1, article, Java公众号_芋道源码_每日更新, 2018-11-14 06:00:35.0, 21, 0, http://www.iocoder.cn/Sharding-JDBC/sql-parse-3?juejin&2018-11-14, https://juejin.im/user/5904c637b123db3ee479d923, -1, 2018-11-15 11:00:06.0, 1062631222452158464, Java]
DEBUG http-nio-8888-exec-10 druid.sql.ResultSet - {conn-10005, pstmt-20013, rs-50013} Result: [355, 使用 Kotlin + Spring Boot 进行后端开发, -1, post, Tony沈哲, 2018-11-14 13:36:36.0, 8, 0, https://juejin.im/post/5bebb4436fb9a04a072feb74, https://juejin.im/user/58691abe1b69e6006b499792, -1, 2018-11-15 11:00:06.0, 1062631235752296448, Kotlin,Redis,Spring Boot,后端]
DEBUG http-nio-8888-exec-10 druid.sql.ResultSet - {conn-10005, pstmt-20013, rs-50013} Result: [374, 用Python生成马赛克画, -1, post, 沈仲强, 2018-11-14 17:34:53.0, 2, 1, https://juejin.im/post/5bebd93fe51d45276d661bd5, https://juejin.im/user/5add42d6518825671f2f5e26, -1, 2018-11-15 11:00:06.0, 1062646321304829952, GitHub,Python,后端,数据分析]
DEBUG http-nio-8888-exec-10 druid.sql.ResultSet - {conn-10005, pstmt-20013, rs-50013} Result: [375, Kotlin 的解析(上), -1, post, 春来江水绿如蓝, 2018-11-14 17:44:39.0, 2, 0, https://juejin.im/post/5beaf5f86fb9a04a0c2dfd0b, https://juejin.im/user/5921063a570c350069a946cf, -1, 2018-11-15 11:00:06.0, 1062646321644568576, Android,Java,Kotlin,编程语言]
DEBUG http-nio-8888-exec-10 druid.sql.ResultSet - {conn-10005, pstmt-20013, rs-50013} Result: [376, 常用验证码的识别方法, -1, post, 网易云社区, 2018-11-14 17:42:58.0, 6, 0, https://juejin.im/post/5bea7d786fb9a049b77fe6f2, https://juejin.im/user/5ab35ebbf265da23884cf80c, -1, 2018-11-15 11:00:06.0, 1062646321707483136, Google,安全,机器学习,算法]
DEBUG http-nio-8888-exec-10 druid.sql.ResultSet - {conn-10005, pstmt-20013, rs-50013} closed
DEBUG http-nio-8888-exec-10 druid.sql.Statement - {conn-10005, pstmt-20013} closed
DEBUG http-nio-8888-exec-10 druid.sql.Connection - {conn-10005} pool-recycle
DEBUG http-nio-8888-exec-2 druid.sql.Connection - {conn-10005} pool-connect
DEBUG http-nio-8888-exec-2 druid.sql.Statement - {conn-10005, pstmt-20014} created. SELECT count(0) FROM article_description a
DEBUG http-nio-8888-exec-2 druid.sql.Statement - {conn-10005, pstmt-20014} Parameters : []
DEBUG http-nio-8888-exec-2 druid.sql.Statement - {conn-10005, pstmt-20014} Types : []
DEBUG http-nio-8888-exec-2 druid.sql.Statement - {conn-10005, pstmt-20014} executed. 5.22718 millis. SELECT count(0) FROM article_description a
DEBUG http-nio-8888-exec-2 druid.sql.ResultSet - {conn-10005, pstmt-20014, rs-50014} open
DEBUG http-nio-8888-exec-2 druid.sql.ResultSet - {conn-10005, pstmt-20014, rs-50014} Header: [count(0)]
DEBUG http-nio-8888-exec-2 druid.sql.ResultSet - {conn-10005, pstmt-20014, rs-50014} Result: [233]
DEBUG http-nio-8888-exec-2 druid.sql.ResultSet - {conn-10005, pstmt-20014, rs-50014} closed
DEBUG http-nio-8888-exec-2 druid.sql.Statement - {conn-10005, pstmt-20014} closed
DEBUG http-nio-8888-exec-2 druid.sql.Statement - {conn-10005, pstmt-20015} created. select a.*,(select GROUP_CONCAT(name) as tags from tag b where a.xuehua_id = b.xuehua_id) as tags from article_description a order by a.modify_time desc,id asc limit ?,?
DEBUG http-nio-8888-exec-2 druid.sql.Statement - {conn-10005, pstmt-20015} Parameters : [0, 20]
DEBUG http-nio-8888-exec-2 druid.sql.Statement - {conn-10005, pstmt-20015} Types : [INTEGER, INTEGER]
DEBUG http-nio-8888-exec-2 druid.sql.Statement - {conn-10005, pstmt-20015} executed. 25.804463 millis. select a.*,(select GROUP_CONCAT(name) as tags from tag b where a.xuehua_id = b.xuehua_id) as tags from article_description a order by a.modify_time desc,id asc limit ?,?
DEBUG http-nio-8888-exec-2 druid.sql.ResultSet - {conn-10005, pstmt-20015, rs-50015} open
DEBUG http-nio-8888-exec-2 druid.sql.ResultSet - {conn-10005, pstmt-20015, rs-50015} Header: [id, title, hot, type, author, create_time, good_num, message_num, article_url, author_url, is_origin, modify_time, xuehua_id, tags]
DEBUG http-nio-8888-exec-2 druid.sql.ResultSet - {conn-10005, pstmt-20015, rs-50015} Result: [140, 漫话：如何给女朋友解释为什么双11无法修改收货地址, -1, post, 漫话编程_公众号mhcoding, 2018-11-12 10:18:08.0, 145, 39, https://juejin.im/post/5be84b54e51d4540697f2b67, https://juejin.im/user/5ab1e12d6fb9a028be35de21, -1, 2018-11-15 11:00:06.0, 1062072548205789184, 后端,服务器,游戏]
DEBUG http-nio-8888-exec-2 druid.sql.ResultSet - {conn-10005, pstmt-20015, rs-50015} Result: [211, 一文理解Netty模型架构, -1, post, 贝途, 2018-11-13 08:41:19.0, 70, 2, https://juejin.im/post/5bea1d2e51882523d3163657, https://juejin.im/user/599293375188257c666c674e, -1, 2018-11-15 11:00:06.0, 1062238646414868480, Netty,后端,服务器,架构]
DEBUG http-nio-8888-exec-2 druid.sql.ResultSet - {conn-10005, pstmt-20015, rs-50015} Result: [287, 我用 Python 爬取了妹子网100G的套图, -1, article, 小柒2012, 2018-11-13 10:08:47.0, 66, 25, https://mp.weixin.qq.com/s/Z8uqUSxVIhqulhAvVyzHTg, https://juejin.im/user/5afe8a7c518825673b62444b, -1, 2018-11-15 11:00:06.0, 1062404729591562240, Python,人工智能,后端,服务器]
DEBUG http-nio-8888-exec-2 druid.sql.ResultSet - {conn-10005, pstmt-20015, rs-50015} Result: [292, 如何健壮你的后端服务, -1, article, 匠心零度, 2018-11-14 10:10:56.0, 14, 0, https://mp.weixin.qq.com/s?__biz=MzU2NjIzNDk5NQ==&mid=2247485243&idx=1&sn=c4fdad4b4d77861f74b384e0a0d95c4a&chksm=fcaedd27cbd95431c59393b34f7b18a44625bbb1361bbc1de3282d00743cee148d8d16a3b91a&token=946927121&lang=zh_CN#rd, https://juejin.im/user/59e4b70c6fb9a045211dc32a, -1, 2018-11-15 11:00:06.0, 1062540624625926144, Java,后端,服务器]
DEBUG http-nio-8888-exec-2 druid.sql.ResultSet - {conn-10005, pstmt-20015, rs-50015} Result: [304, Nginx 不停机升级 及 gzip 压缩优化, -1, post, haifeiWu, 2018-11-14 10:04:53.0, 9, 0, https://juejin.im/post/5beb823ff265da612577a97c, https://juejin.im/user/586afdba128fe1005708f07b, -1, 2018-11-15 11:00:06.0, 1062540629298380800, Nginx,后端,百度]
DEBUG http-nio-8888-exec-2 druid.sql.ResultSet - {conn-10005, pstmt-20015, rs-50015} Result: [305, MySQL 的索引是什么？怎么优化？, -1, article, 民工哥技术之路, 2018-11-14 10:12:26.0, 17, 0, https://mp.weixin.qq.com/s?__biz=MzI0MDQ4MTM5NQ==&mid=2247487492&idx=2&sn=319be0c2fdd5a89c9464c9f2775ed551&chksm=e91b7518de6cfc0ec75c032b1bdb9b6fe90c505d543c2b45c6d021accd72a8127e6f6b54ec1b&token=1617132956&lang=zh_CN#rd, https://juejin.im/user/5aab5d5c6fb9a028df225fb8, -1, 2018-11-15 11:00:06.0, 1062540629361295360, MySQL,SQL,产品,后端]
DEBUG http-nio-8888-exec-2 druid.sql.ResultSet - {conn-10005, pstmt-20015, rs-50015} Result: [307, Python3爬取英雄联盟英雄皮肤大图, -1, post, gxcuizy, 2018-11-14 11:11:16.0, 9, 0, https://juejin.im/post/5beafb3351882545f72ffeec, https://juejin.im/user/59b0de6e5188250f4850ea06, -1, 2018-11-15 11:00:06.0, 1062555724183240704, GitHub,JavaScript,Python,爬虫]
DEBUG http-nio-8888-exec-2 druid.sql.ResultSet - {conn-10005, pstmt-20015, rs-50015} Result: [308, TarsGo新版本发布，支持protobuf，zipkin和自定义插件, -1, post, TARS小助手, 2018-11-14 11:33:56.0, 7, 0, https://juejin.im/post/5bea8ebdf265da614a3a092f, https://juejin.im/user/5bea8de3518825271b3d6be2, -1, 2018-11-15 11:00:06.0, 1062555724283904000, Go,gRPC,protobuf,开源]
DEBUG http-nio-8888-exec-2 druid.sql.ResultSet - {conn-10005, pstmt-20015, rs-50015} Result: [311, 兄弟，用大白话告诉你小白都能看懂的Hadoop架构原理, -1, post, 石杉的架构笔记, 2018-11-14 10:11:02.0, 20, 4, https://juejin.im/post/5beaf02ce51d457e90196069, https://juejin.im/user/5be0588ae51d452b0255727d, -1, 2018-11-15 11:00:06.0, 1062570824067710976, Hadoop,HDFS,MySQL,架构]
DEBUG http-nio-8888-exec-2 druid.sql.ResultSet - {conn-10005, pstmt-20015, rs-50015} Result: [312, 两分钟了解Java中volatile！, -1, post, 我是绿色大米呀, 2018-11-14 09:38:37.0, 2, 0, https://juejin.im/post/5beb7780e51d4509192b4196, https://juejin.im/user/58dfdd24b123db00604bc8d5, -1, 2018-11-15 11:00:06.0, 1062570824222900224, Java,JVM,后端]
DEBUG http-nio-8888-exec-2 druid.sql.ResultSet - {conn-10005, pstmt-20015, rs-50015} Result: [313, MySQL查询过程和高级查询, -1, article, 匠心零度, 2018-11-14 13:53:18.0, 5, 0, https://mp.weixin.qq.com/s?__biz=MzU2NjIzNDk5NQ==&mid=2247485230&idx=2&sn=add807d2b282596283cbd566ad7d7bc1&chksm=fcaedd32cbd95424050d895ac23683a6a7dbcb726b785c729e730b5699e2fd58f55c38e2452e&token=946927121&lang=zh_CN#rd, https://juejin.im/user/59e4b70c6fb9a045211dc32a, -1, 2018-11-15 11:00:06.0, 1062585923755048960, MySQL,SQL]
DEBUG http-nio-8888-exec-2 druid.sql.ResultSet - {conn-10005, pstmt-20015, rs-50015} Result: [329, 几个可以提高工作效率的 Python 内置小工具, -1, post, 追忆MHyourh, 2018-11-14 15:05:23.0, 3, 0, https://juejin.im/post/5bead2dee51d4575125a3589, https://juejin.im/user/5b0133bdf265da0b9265dcf4, -1, 2018-11-15 11:00:06.0, 1062616122274086912, JSON,Python,后端,服务器]
DEBUG http-nio-8888-exec-2 druid.sql.ResultSet - {conn-10005, pstmt-20015, rs-50015} Result: [335, 使用ThreadLocal不当可能会导致内存泄露, -1, article, 这里的文章值得一看, 2018-11-14 15:12:22.0, 4, 0, http://zhuanlan.zhihu.com/p/48342216, https://juejin.im/user/5bcec8455188255c6978411c, -1, 2018-11-15 11:00:06.0, 1062616126514528256, Java]
DEBUG http-nio-8888-exec-2 druid.sql.ResultSet - {conn-10005, pstmt-20015, rs-50015} Result: [343, Spring使用之IOC, -1, post, just_coding, 2018-11-14 16:12:20.0, 1, 0, https://juejin.im/post/5be6483cf265da614171157c, https://juejin.im/user/5ba1acbff265da0aa06eeb07, -1, 2018-11-15 11:00:06.0, 1062631221848178688, Java,Spring,后端,容器]
DEBUG http-nio-8888-exec-2 druid.sql.ResultSet - {conn-10005, pstmt-20015, rs-50015} Result: [344, java synchronize - 线程同步原理, -1, post, 爬蜥, 2018-11-14 16:15:14.0, 4, 0, https://juejin.im/post/5be6e5f4e51d454e0a1cbb95, https://juejin.im/user/5adc84c1f265da0b8d41840a, -1, 2018-11-15 11:00:06.0, 1062631222049505280, Java,JVM,后端]
DEBUG http-nio-8888-exec-2 druid.sql.ResultSet - {conn-10005, pstmt-20015, rs-50015} Result: [352, 数据库中间件 Sharding-JDBC 源码分析 —— SQL 解析（三）之查询SQL, -1, article, Java公众号_芋道源码_每日更新, 2018-11-14 06:00:35.0, 21, 0, http://www.iocoder.cn/Sharding-JDBC/sql-parse-3?juejin&2018-11-14, https://juejin.im/user/5904c637b123db3ee479d923, -1, 2018-11-15 11:00:06.0, 1062631222452158464, Java]
DEBUG http-nio-8888-exec-2 druid.sql.ResultSet - {conn-10005, pstmt-20015, rs-50015} Result: [355, 使用 Kotlin + Spring Boot 进行后端开发, -1, post, Tony沈哲, 2018-11-14 13:36:36.0, 8, 0, https://juejin.im/post/5bebb4436fb9a04a072feb74, https://juejin.im/user/58691abe1b69e6006b499792, -1, 2018-11-15 11:00:06.0, 1062631235752296448, Kotlin,Redis,Spring Boot,后端]
DEBUG http-nio-8888-exec-2 druid.sql.ResultSet - {conn-10005, pstmt-20015, rs-50015} Result: [374, 用Python生成马赛克画, -1, post, 沈仲强, 2018-11-14 17:34:53.0, 2, 1, https://juejin.im/post/5bebd93fe51d45276d661bd5, https://juejin.im/user/5add42d6518825671f2f5e26, -1, 2018-11-15 11:00:06.0, 1062646321304829952, GitHub,Python,后端,数据分析]
DEBUG http-nio-8888-exec-2 druid.sql.ResultSet - {conn-10005, pstmt-20015, rs-50015} Result: [375, Kotlin 的解析(上), -1, post, 春来江水绿如蓝, 2018-11-14 17:44:39.0, 2, 0, https://juejin.im/post/5beaf5f86fb9a04a0c2dfd0b, https://juejin.im/user/5921063a570c350069a946cf, -1, 2018-11-15 11:00:06.0, 1062646321644568576, Android,Java,Kotlin,编程语言]
DEBUG http-nio-8888-exec-2 druid.sql.ResultSet - {conn-10005, pstmt-20015, rs-50015} Result: [376, 常用验证码的识别方法, -1, post, 网易云社区, 2018-11-14 17:42:58.0, 6, 0, https://juejin.im/post/5bea7d786fb9a049b77fe6f2, https://juejin.im/user/5ab35ebbf265da23884cf80c, -1, 2018-11-15 11:00:06.0, 1062646321707483136, Google,安全,机器学习,算法]
DEBUG http-nio-8888-exec-2 druid.sql.ResultSet - {conn-10005, pstmt-20015, rs-50015} closed
DEBUG http-nio-8888-exec-2 druid.sql.Statement - {conn-10005, pstmt-20015} closed
DEBUG http-nio-8888-exec-2 druid.sql.Connection - {conn-10005} pool-recycle
DEBUG http-nio-8888-exec-1 druid.sql.Connection - {conn-10005} pool-connect
DEBUG http-nio-8888-exec-1 druid.sql.Statement - {conn-10005, pstmt-20016} created. SELECT count(0) FROM article_description a
DEBUG http-nio-8888-exec-1 druid.sql.Statement - {conn-10005, pstmt-20016} Parameters : []
DEBUG http-nio-8888-exec-1 druid.sql.Statement - {conn-10005, pstmt-20016} Types : []
DEBUG http-nio-8888-exec-1 druid.sql.Statement - {conn-10005, pstmt-20016} executed. 8.954882 millis. SELECT count(0) FROM article_description a
DEBUG http-nio-8888-exec-1 druid.sql.ResultSet - {conn-10005, pstmt-20016, rs-50016} open
DEBUG http-nio-8888-exec-1 druid.sql.ResultSet - {conn-10005, pstmt-20016, rs-50016} Header: [count(0)]
DEBUG http-nio-8888-exec-1 druid.sql.ResultSet - {conn-10005, pstmt-20016, rs-50016} Result: [233]
DEBUG http-nio-8888-exec-1 druid.sql.ResultSet - {conn-10005, pstmt-20016, rs-50016} closed
DEBUG http-nio-8888-exec-1 druid.sql.Statement - {conn-10005, pstmt-20016} closed
DEBUG http-nio-8888-exec-1 druid.sql.Statement - {conn-10005, pstmt-20017} created. select a.*,(select GROUP_CONCAT(name) as tags from tag b where a.xuehua_id = b.xuehua_id) as tags from article_description a order by a.modify_time desc,id asc limit ?,?
DEBUG http-nio-8888-exec-1 druid.sql.Statement - {conn-10005, pstmt-20017} Parameters : [0, 20]
DEBUG http-nio-8888-exec-1 druid.sql.Statement - {conn-10005, pstmt-20017} Types : [INTEGER, INTEGER]
DEBUG http-nio-8888-exec-1 druid.sql.Statement - {conn-10005, pstmt-20017} executed. 25.207471 millis. select a.*,(select GROUP_CONCAT(name) as tags from tag b where a.xuehua_id = b.xuehua_id) as tags from article_description a order by a.modify_time desc,id asc limit ?,?
DEBUG http-nio-8888-exec-1 druid.sql.ResultSet - {conn-10005, pstmt-20017, rs-50017} open
DEBUG http-nio-8888-exec-1 druid.sql.ResultSet - {conn-10005, pstmt-20017, rs-50017} Header: [id, title, hot, type, author, create_time, good_num, message_num, article_url, author_url, is_origin, modify_time, xuehua_id, tags]
DEBUG http-nio-8888-exec-1 druid.sql.ResultSet - {conn-10005, pstmt-20017, rs-50017} Result: [140, 漫话：如何给女朋友解释为什么双11无法修改收货地址, -1, post, 漫话编程_公众号mhcoding, 2018-11-12 10:18:08.0, 145, 39, https://juejin.im/post/5be84b54e51d4540697f2b67, https://juejin.im/user/5ab1e12d6fb9a028be35de21, -1, 2018-11-15 11:00:06.0, 1062072548205789184, 后端,服务器,游戏]
DEBUG http-nio-8888-exec-1 druid.sql.ResultSet - {conn-10005, pstmt-20017, rs-50017} Result: [211, 一文理解Netty模型架构, -1, post, 贝途, 2018-11-13 08:41:19.0, 70, 2, https://juejin.im/post/5bea1d2e51882523d3163657, https://juejin.im/user/599293375188257c666c674e, -1, 2018-11-15 11:00:06.0, 1062238646414868480, Netty,后端,服务器,架构]
DEBUG http-nio-8888-exec-1 druid.sql.ResultSet - {conn-10005, pstmt-20017, rs-50017} Result: [287, 我用 Python 爬取了妹子网100G的套图, -1, article, 小柒2012, 2018-11-13 10:08:47.0, 66, 25, https://mp.weixin.qq.com/s/Z8uqUSxVIhqulhAvVyzHTg, https://juejin.im/user/5afe8a7c518825673b62444b, -1, 2018-11-15 11:00:06.0, 1062404729591562240, Python,人工智能,后端,服务器]
DEBUG http-nio-8888-exec-1 druid.sql.ResultSet - {conn-10005, pstmt-20017, rs-50017} Result: [292, 如何健壮你的后端服务, -1, article, 匠心零度, 2018-11-14 10:10:56.0, 14, 0, https://mp.weixin.qq.com/s?__biz=MzU2NjIzNDk5NQ==&mid=2247485243&idx=1&sn=c4fdad4b4d77861f74b384e0a0d95c4a&chksm=fcaedd27cbd95431c59393b34f7b18a44625bbb1361bbc1de3282d00743cee148d8d16a3b91a&token=946927121&lang=zh_CN#rd, https://juejin.im/user/59e4b70c6fb9a045211dc32a, -1, 2018-11-15 11:00:06.0, 1062540624625926144, Java,后端,服务器]
DEBUG http-nio-8888-exec-1 druid.sql.ResultSet - {conn-10005, pstmt-20017, rs-50017} Result: [304, Nginx 不停机升级 及 gzip 压缩优化, -1, post, haifeiWu, 2018-11-14 10:04:53.0, 9, 0, https://juejin.im/post/5beb823ff265da612577a97c, https://juejin.im/user/586afdba128fe1005708f07b, -1, 2018-11-15 11:00:06.0, 1062540629298380800, Nginx,后端,百度]
DEBUG http-nio-8888-exec-1 druid.sql.ResultSet - {conn-10005, pstmt-20017, rs-50017} Result: [305, MySQL 的索引是什么？怎么优化？, -1, article, 民工哥技术之路, 2018-11-14 10:12:26.0, 17, 0, https://mp.weixin.qq.com/s?__biz=MzI0MDQ4MTM5NQ==&mid=2247487492&idx=2&sn=319be0c2fdd5a89c9464c9f2775ed551&chksm=e91b7518de6cfc0ec75c032b1bdb9b6fe90c505d543c2b45c6d021accd72a8127e6f6b54ec1b&token=1617132956&lang=zh_CN#rd, https://juejin.im/user/5aab5d5c6fb9a028df225fb8, -1, 2018-11-15 11:00:06.0, 1062540629361295360, MySQL,SQL,产品,后端]
DEBUG http-nio-8888-exec-1 druid.sql.ResultSet - {conn-10005, pstmt-20017, rs-50017} Result: [307, Python3爬取英雄联盟英雄皮肤大图, -1, post, gxcuizy, 2018-11-14 11:11:16.0, 9, 0, https://juejin.im/post/5beafb3351882545f72ffeec, https://juejin.im/user/59b0de6e5188250f4850ea06, -1, 2018-11-15 11:00:06.0, 1062555724183240704, GitHub,JavaScript,Python,爬虫]
DEBUG http-nio-8888-exec-1 druid.sql.ResultSet - {conn-10005, pstmt-20017, rs-50017} Result: [308, TarsGo新版本发布，支持protobuf，zipkin和自定义插件, -1, post, TARS小助手, 2018-11-14 11:33:56.0, 7, 0, https://juejin.im/post/5bea8ebdf265da614a3a092f, https://juejin.im/user/5bea8de3518825271b3d6be2, -1, 2018-11-15 11:00:06.0, 1062555724283904000, Go,gRPC,protobuf,开源]
DEBUG http-nio-8888-exec-1 druid.sql.ResultSet - {conn-10005, pstmt-20017, rs-50017} Result: [311, 兄弟，用大白话告诉你小白都能看懂的Hadoop架构原理, -1, post, 石杉的架构笔记, 2018-11-14 10:11:02.0, 20, 4, https://juejin.im/post/5beaf02ce51d457e90196069, https://juejin.im/user/5be0588ae51d452b0255727d, -1, 2018-11-15 11:00:06.0, 1062570824067710976, Hadoop,HDFS,MySQL,架构]
DEBUG http-nio-8888-exec-1 druid.sql.ResultSet - {conn-10005, pstmt-20017, rs-50017} Result: [312, 两分钟了解Java中volatile！, -1, post, 我是绿色大米呀, 2018-11-14 09:38:37.0, 2, 0, https://juejin.im/post/5beb7780e51d4509192b4196, https://juejin.im/user/58dfdd24b123db00604bc8d5, -1, 2018-11-15 11:00:06.0, 1062570824222900224, Java,JVM,后端]
DEBUG http-nio-8888-exec-1 druid.sql.ResultSet - {conn-10005, pstmt-20017, rs-50017} Result: [313, MySQL查询过程和高级查询, -1, article, 匠心零度, 2018-11-14 13:53:18.0, 5, 0, https://mp.weixin.qq.com/s?__biz=MzU2NjIzNDk5NQ==&mid=2247485230&idx=2&sn=add807d2b282596283cbd566ad7d7bc1&chksm=fcaedd32cbd95424050d895ac23683a6a7dbcb726b785c729e730b5699e2fd58f55c38e2452e&token=946927121&lang=zh_CN#rd, https://juejin.im/user/59e4b70c6fb9a045211dc32a, -1, 2018-11-15 11:00:06.0, 1062585923755048960, MySQL,SQL]
DEBUG http-nio-8888-exec-1 druid.sql.ResultSet - {conn-10005, pstmt-20017, rs-50017} Result: [329, 几个可以提高工作效率的 Python 内置小工具, -1, post, 追忆MHyourh, 2018-11-14 15:05:23.0, 3, 0, https://juejin.im/post/5bead2dee51d4575125a3589, https://juejin.im/user/5b0133bdf265da0b9265dcf4, -1, 2018-11-15 11:00:06.0, 1062616122274086912, JSON,Python,后端,服务器]
DEBUG http-nio-8888-exec-1 druid.sql.ResultSet - {conn-10005, pstmt-20017, rs-50017} Result: [335, 使用ThreadLocal不当可能会导致内存泄露, -1, article, 这里的文章值得一看, 2018-11-14 15:12:22.0, 4, 0, http://zhuanlan.zhihu.com/p/48342216, https://juejin.im/user/5bcec8455188255c6978411c, -1, 2018-11-15 11:00:06.0, 1062616126514528256, Java]
DEBUG http-nio-8888-exec-1 druid.sql.ResultSet - {conn-10005, pstmt-20017, rs-50017} Result: [343, Spring使用之IOC, -1, post, just_coding, 2018-11-14 16:12:20.0, 1, 0, https://juejin.im/post/5be6483cf265da614171157c, https://juejin.im/user/5ba1acbff265da0aa06eeb07, -1, 2018-11-15 11:00:06.0, 1062631221848178688, Java,Spring,后端,容器]
DEBUG http-nio-8888-exec-1 druid.sql.ResultSet - {conn-10005, pstmt-20017, rs-50017} Result: [344, java synchronize - 线程同步原理, -1, post, 爬蜥, 2018-11-14 16:15:14.0, 4, 0, https://juejin.im/post/5be6e5f4e51d454e0a1cbb95, https://juejin.im/user/5adc84c1f265da0b8d41840a, -1, 2018-11-15 11:00:06.0, 1062631222049505280, Java,JVM,后端]
DEBUG http-nio-8888-exec-1 druid.sql.ResultSet - {conn-10005, pstmt-20017, rs-50017} Result: [352, 数据库中间件 Sharding-JDBC 源码分析 —— SQL 解析（三）之查询SQL, -1, article, Java公众号_芋道源码_每日更新, 2018-11-14 06:00:35.0, 21, 0, http://www.iocoder.cn/Sharding-JDBC/sql-parse-3?juejin&2018-11-14, https://juejin.im/user/5904c637b123db3ee479d923, -1, 2018-11-15 11:00:06.0, 1062631222452158464, Java]
DEBUG http-nio-8888-exec-1 druid.sql.ResultSet - {conn-10005, pstmt-20017, rs-50017} Result: [355, 使用 Kotlin + Spring Boot 进行后端开发, -1, post, Tony沈哲, 2018-11-14 13:36:36.0, 8, 0, https://juejin.im/post/5bebb4436fb9a04a072feb74, https://juejin.im/user/58691abe1b69e6006b499792, -1, 2018-11-15 11:00:06.0, 1062631235752296448, Kotlin,Redis,Spring Boot,后端]
DEBUG http-nio-8888-exec-1 druid.sql.ResultSet - {conn-10005, pstmt-20017, rs-50017} Result: [374, 用Python生成马赛克画, -1, post, 沈仲强, 2018-11-14 17:34:53.0, 2, 1, https://juejin.im/post/5bebd93fe51d45276d661bd5, https://juejin.im/user/5add42d6518825671f2f5e26, -1, 2018-11-15 11:00:06.0, 1062646321304829952, GitHub,Python,后端,数据分析]
DEBUG http-nio-8888-exec-1 druid.sql.ResultSet - {conn-10005, pstmt-20017, rs-50017} Result: [375, Kotlin 的解析(上), -1, post, 春来江水绿如蓝, 2018-11-14 17:44:39.0, 2, 0, https://juejin.im/post/5beaf5f86fb9a04a0c2dfd0b, https://juejin.im/user/5921063a570c350069a946cf, -1, 2018-11-15 11:00:06.0, 1062646321644568576, Android,Java,Kotlin,编程语言]
DEBUG http-nio-8888-exec-1 druid.sql.ResultSet - {conn-10005, pstmt-20017, rs-50017} Result: [376, 常用验证码的识别方法, -1, post, 网易云社区, 2018-11-14 17:42:58.0, 6, 0, https://juejin.im/post/5bea7d786fb9a049b77fe6f2, https://juejin.im/user/5ab35ebbf265da23884cf80c, -1, 2018-11-15 11:00:06.0, 1062646321707483136, Google,安全,机器学习,算法]
DEBUG http-nio-8888-exec-1 druid.sql.ResultSet - {conn-10005, pstmt-20017, rs-50017} closed
DEBUG http-nio-8888-exec-1 druid.sql.Statement - {conn-10005, pstmt-20017} closed
DEBUG http-nio-8888-exec-1 druid.sql.Connection - {conn-10005} pool-recycle
DEBUG http-nio-8888-exec-3 druid.sql.Connection - {conn-10005} pool-connect
DEBUG http-nio-8888-exec-3 druid.sql.Statement - {conn-10005, pstmt-20018} created. SELECT count(0) FROM article_description a
DEBUG http-nio-8888-exec-3 druid.sql.Statement - {conn-10005, pstmt-20018} Parameters : []
DEBUG http-nio-8888-exec-3 druid.sql.Statement - {conn-10005, pstmt-20018} Types : []
DEBUG http-nio-8888-exec-3 druid.sql.Statement - {conn-10005, pstmt-20018} executed. 8.35311 millis. SELECT count(0) FROM article_description a
DEBUG http-nio-8888-exec-3 druid.sql.ResultSet - {conn-10005, pstmt-20018, rs-50018} open
DEBUG http-nio-8888-exec-3 druid.sql.ResultSet - {conn-10005, pstmt-20018, rs-50018} Header: [count(0)]
DEBUG http-nio-8888-exec-3 druid.sql.ResultSet - {conn-10005, pstmt-20018, rs-50018} Result: [233]
DEBUG http-nio-8888-exec-3 druid.sql.ResultSet - {conn-10005, pstmt-20018, rs-50018} closed
DEBUG http-nio-8888-exec-3 druid.sql.Statement - {conn-10005, pstmt-20018} closed
DEBUG http-nio-8888-exec-3 druid.sql.Statement - {conn-10005, pstmt-20019} created. select a.*,(select GROUP_CONCAT(name) as tags from tag b where a.xuehua_id = b.xuehua_id) as tags from article_description a order by a.modify_time desc,id asc limit ?,?
DEBUG http-nio-8888-exec-3 druid.sql.Statement - {conn-10005, pstmt-20019} Parameters : [0, 20]
DEBUG http-nio-8888-exec-3 druid.sql.Statement - {conn-10005, pstmt-20019} Types : [INTEGER, INTEGER]
DEBUG http-nio-8888-exec-3 druid.sql.Statement - {conn-10005, pstmt-20019} executed. 28.616709 millis. select a.*,(select GROUP_CONCAT(name) as tags from tag b where a.xuehua_id = b.xuehua_id) as tags from article_description a order by a.modify_time desc,id asc limit ?,?
DEBUG http-nio-8888-exec-3 druid.sql.ResultSet - {conn-10005, pstmt-20019, rs-50019} open
DEBUG http-nio-8888-exec-3 druid.sql.ResultSet - {conn-10005, pstmt-20019, rs-50019} Header: [id, title, hot, type, author, create_time, good_num, message_num, article_url, author_url, is_origin, modify_time, xuehua_id, tags]
DEBUG http-nio-8888-exec-3 druid.sql.ResultSet - {conn-10005, pstmt-20019, rs-50019} Result: [140, 漫话：如何给女朋友解释为什么双11无法修改收货地址, -1, post, 漫话编程_公众号mhcoding, 2018-11-12 10:18:08.0, 145, 39, https://juejin.im/post/5be84b54e51d4540697f2b67, https://juejin.im/user/5ab1e12d6fb9a028be35de21, -1, 2018-11-15 11:00:06.0, 1062072548205789184, 后端,服务器,游戏]
DEBUG http-nio-8888-exec-3 druid.sql.ResultSet - {conn-10005, pstmt-20019, rs-50019} Result: [211, 一文理解Netty模型架构, -1, post, 贝途, 2018-11-13 08:41:19.0, 70, 2, https://juejin.im/post/5bea1d2e51882523d3163657, https://juejin.im/user/599293375188257c666c674e, -1, 2018-11-15 11:00:06.0, 1062238646414868480, Netty,后端,服务器,架构]
DEBUG http-nio-8888-exec-3 druid.sql.ResultSet - {conn-10005, pstmt-20019, rs-50019} Result: [287, 我用 Python 爬取了妹子网100G的套图, -1, article, 小柒2012, 2018-11-13 10:08:47.0, 66, 25, https://mp.weixin.qq.com/s/Z8uqUSxVIhqulhAvVyzHTg, https://juejin.im/user/5afe8a7c518825673b62444b, -1, 2018-11-15 11:00:06.0, 1062404729591562240, Python,人工智能,后端,服务器]
DEBUG http-nio-8888-exec-3 druid.sql.ResultSet - {conn-10005, pstmt-20019, rs-50019} Result: [292, 如何健壮你的后端服务, -1, article, 匠心零度, 2018-11-14 10:10:56.0, 14, 0, https://mp.weixin.qq.com/s?__biz=MzU2NjIzNDk5NQ==&mid=2247485243&idx=1&sn=c4fdad4b4d77861f74b384e0a0d95c4a&chksm=fcaedd27cbd95431c59393b34f7b18a44625bbb1361bbc1de3282d00743cee148d8d16a3b91a&token=946927121&lang=zh_CN#rd, https://juejin.im/user/59e4b70c6fb9a045211dc32a, -1, 2018-11-15 11:00:06.0, 1062540624625926144, Java,后端,服务器]
DEBUG http-nio-8888-exec-3 druid.sql.ResultSet - {conn-10005, pstmt-20019, rs-50019} Result: [304, Nginx 不停机升级 及 gzip 压缩优化, -1, post, haifeiWu, 2018-11-14 10:04:53.0, 9, 0, https://juejin.im/post/5beb823ff265da612577a97c, https://juejin.im/user/586afdba128fe1005708f07b, -1, 2018-11-15 11:00:06.0, 1062540629298380800, Nginx,后端,百度]
DEBUG http-nio-8888-exec-3 druid.sql.ResultSet - {conn-10005, pstmt-20019, rs-50019} Result: [305, MySQL 的索引是什么？怎么优化？, -1, article, 民工哥技术之路, 2018-11-14 10:12:26.0, 17, 0, https://mp.weixin.qq.com/s?__biz=MzI0MDQ4MTM5NQ==&mid=2247487492&idx=2&sn=319be0c2fdd5a89c9464c9f2775ed551&chksm=e91b7518de6cfc0ec75c032b1bdb9b6fe90c505d543c2b45c6d021accd72a8127e6f6b54ec1b&token=1617132956&lang=zh_CN#rd, https://juejin.im/user/5aab5d5c6fb9a028df225fb8, -1, 2018-11-15 11:00:06.0, 1062540629361295360, MySQL,SQL,产品,后端]
DEBUG http-nio-8888-exec-3 druid.sql.ResultSet - {conn-10005, pstmt-20019, rs-50019} Result: [307, Python3爬取英雄联盟英雄皮肤大图, -1, post, gxcuizy, 2018-11-14 11:11:16.0, 9, 0, https://juejin.im/post/5beafb3351882545f72ffeec, https://juejin.im/user/59b0de6e5188250f4850ea06, -1, 2018-11-15 11:00:06.0, 1062555724183240704, GitHub,JavaScript,Python,爬虫]
DEBUG http-nio-8888-exec-3 druid.sql.ResultSet - {conn-10005, pstmt-20019, rs-50019} Result: [308, TarsGo新版本发布，支持protobuf，zipkin和自定义插件, -1, post, TARS小助手, 2018-11-14 11:33:56.0, 7, 0, https://juejin.im/post/5bea8ebdf265da614a3a092f, https://juejin.im/user/5bea8de3518825271b3d6be2, -1, 2018-11-15 11:00:06.0, 1062555724283904000, Go,gRPC,protobuf,开源]
DEBUG http-nio-8888-exec-3 druid.sql.ResultSet - {conn-10005, pstmt-20019, rs-50019} Result: [311, 兄弟，用大白话告诉你小白都能看懂的Hadoop架构原理, -1, post, 石杉的架构笔记, 2018-11-14 10:11:02.0, 20, 4, https://juejin.im/post/5beaf02ce51d457e90196069, https://juejin.im/user/5be0588ae51d452b0255727d, -1, 2018-11-15 11:00:06.0, 1062570824067710976, Hadoop,HDFS,MySQL,架构]
DEBUG http-nio-8888-exec-3 druid.sql.ResultSet - {conn-10005, pstmt-20019, rs-50019} Result: [312, 两分钟了解Java中volatile！, -1, post, 我是绿色大米呀, 2018-11-14 09:38:37.0, 2, 0, https://juejin.im/post/5beb7780e51d4509192b4196, https://juejin.im/user/58dfdd24b123db00604bc8d5, -1, 2018-11-15 11:00:06.0, 1062570824222900224, Java,JVM,后端]
DEBUG http-nio-8888-exec-3 druid.sql.ResultSet - {conn-10005, pstmt-20019, rs-50019} Result: [313, MySQL查询过程和高级查询, -1, article, 匠心零度, 2018-11-14 13:53:18.0, 5, 0, https://mp.weixin.qq.com/s?__biz=MzU2NjIzNDk5NQ==&mid=2247485230&idx=2&sn=add807d2b282596283cbd566ad7d7bc1&chksm=fcaedd32cbd95424050d895ac23683a6a7dbcb726b785c729e730b5699e2fd58f55c38e2452e&token=946927121&lang=zh_CN#rd, https://juejin.im/user/59e4b70c6fb9a045211dc32a, -1, 2018-11-15 11:00:06.0, 1062585923755048960, MySQL,SQL]
DEBUG http-nio-8888-exec-3 druid.sql.ResultSet - {conn-10005, pstmt-20019, rs-50019} Result: [329, 几个可以提高工作效率的 Python 内置小工具, -1, post, 追忆MHyourh, 2018-11-14 15:05:23.0, 3, 0, https://juejin.im/post/5bead2dee51d4575125a3589, https://juejin.im/user/5b0133bdf265da0b9265dcf4, -1, 2018-11-15 11:00:06.0, 1062616122274086912, JSON,Python,后端,服务器]
DEBUG http-nio-8888-exec-3 druid.sql.ResultSet - {conn-10005, pstmt-20019, rs-50019} Result: [335, 使用ThreadLocal不当可能会导致内存泄露, -1, article, 这里的文章值得一看, 2018-11-14 15:12:22.0, 4, 0, http://zhuanlan.zhihu.com/p/48342216, https://juejin.im/user/5bcec8455188255c6978411c, -1, 2018-11-15 11:00:06.0, 1062616126514528256, Java]
DEBUG http-nio-8888-exec-3 druid.sql.ResultSet - {conn-10005, pstmt-20019, rs-50019} Result: [343, Spring使用之IOC, -1, post, just_coding, 2018-11-14 16:12:20.0, 1, 0, https://juejin.im/post/5be6483cf265da614171157c, https://juejin.im/user/5ba1acbff265da0aa06eeb07, -1, 2018-11-15 11:00:06.0, 1062631221848178688, Java,Spring,后端,容器]
DEBUG http-nio-8888-exec-3 druid.sql.ResultSet - {conn-10005, pstmt-20019, rs-50019} Result: [344, java synchronize - 线程同步原理, -1, post, 爬蜥, 2018-11-14 16:15:14.0, 4, 0, https://juejin.im/post/5be6e5f4e51d454e0a1cbb95, https://juejin.im/user/5adc84c1f265da0b8d41840a, -1, 2018-11-15 11:00:06.0, 1062631222049505280, Java,JVM,后端]
DEBUG http-nio-8888-exec-3 druid.sql.ResultSet - {conn-10005, pstmt-20019, rs-50019} Result: [352, 数据库中间件 Sharding-JDBC 源码分析 —— SQL 解析（三）之查询SQL, -1, article, Java公众号_芋道源码_每日更新, 2018-11-14 06:00:35.0, 21, 0, http://www.iocoder.cn/Sharding-JDBC/sql-parse-3?juejin&2018-11-14, https://juejin.im/user/5904c637b123db3ee479d923, -1, 2018-11-15 11:00:06.0, 1062631222452158464, Java]
DEBUG http-nio-8888-exec-3 druid.sql.ResultSet - {conn-10005, pstmt-20019, rs-50019} Result: [355, 使用 Kotlin + Spring Boot 进行后端开发, -1, post, Tony沈哲, 2018-11-14 13:36:36.0, 8, 0, https://juejin.im/post/5bebb4436fb9a04a072feb74, https://juejin.im/user/58691abe1b69e6006b499792, -1, 2018-11-15 11:00:06.0, 1062631235752296448, Kotlin,Redis,Spring Boot,后端]
DEBUG http-nio-8888-exec-3 druid.sql.ResultSet - {conn-10005, pstmt-20019, rs-50019} Result: [374, 用Python生成马赛克画, -1, post, 沈仲强, 2018-11-14 17:34:53.0, 2, 1, https://juejin.im/post/5bebd93fe51d45276d661bd5, https://juejin.im/user/5add42d6518825671f2f5e26, -1, 2018-11-15 11:00:06.0, 1062646321304829952, GitHub,Python,后端,数据分析]
DEBUG http-nio-8888-exec-3 druid.sql.ResultSet - {conn-10005, pstmt-20019, rs-50019} Result: [375, Kotlin 的解析(上), -1, post, 春来江水绿如蓝, 2018-11-14 17:44:39.0, 2, 0, https://juejin.im/post/5beaf5f86fb9a04a0c2dfd0b, https://juejin.im/user/5921063a570c350069a946cf, -1, 2018-11-15 11:00:06.0, 1062646321644568576, Android,Java,Kotlin,编程语言]
DEBUG http-nio-8888-exec-3 druid.sql.ResultSet - {conn-10005, pstmt-20019, rs-50019} Result: [376, 常用验证码的识别方法, -1, post, 网易云社区, 2018-11-14 17:42:58.0, 6, 0, https://juejin.im/post/5bea7d786fb9a049b77fe6f2, https://juejin.im/user/5ab35ebbf265da23884cf80c, -1, 2018-11-15 11:00:06.0, 1062646321707483136, Google,安全,机器学习,算法]
DEBUG http-nio-8888-exec-3 druid.sql.ResultSet - {conn-10005, pstmt-20019, rs-50019} closed
DEBUG http-nio-8888-exec-3 druid.sql.Statement - {conn-10005, pstmt-20019} closed
DEBUG http-nio-8888-exec-3 druid.sql.Connection - {conn-10005} pool-recycle
DEBUG http-nio-8888-exec-5 druid.sql.Connection - {conn-10005} pool-connect
DEBUG http-nio-8888-exec-5 druid.sql.Statement - {conn-10005, pstmt-20020} created. SELECT count(0) FROM article_description a
DEBUG http-nio-8888-exec-5 druid.sql.Statement - {conn-10005, pstmt-20020} Parameters : []
DEBUG http-nio-8888-exec-5 druid.sql.Statement - {conn-10005, pstmt-20020} Types : []
DEBUG http-nio-8888-exec-5 druid.sql.Statement - {conn-10005, pstmt-20020} executed. 6.919851 millis. SELECT count(0) FROM article_description a
DEBUG http-nio-8888-exec-5 druid.sql.ResultSet - {conn-10005, pstmt-20020, rs-50020} open
DEBUG http-nio-8888-exec-5 druid.sql.ResultSet - {conn-10005, pstmt-20020, rs-50020} Header: [count(0)]
DEBUG http-nio-8888-exec-5 druid.sql.ResultSet - {conn-10005, pstmt-20020, rs-50020} Result: [233]
DEBUG http-nio-8888-exec-5 druid.sql.ResultSet - {conn-10005, pstmt-20020, rs-50020} closed
DEBUG http-nio-8888-exec-5 druid.sql.Statement - {conn-10005, pstmt-20020} closed
DEBUG http-nio-8888-exec-5 druid.sql.Statement - {conn-10005, pstmt-20021} created. select a.*,(select GROUP_CONCAT(name) as tags from tag b where a.xuehua_id = b.xuehua_id) as tags from article_description a order by a.modify_time desc,id asc limit ?,?
DEBUG http-nio-8888-exec-5 druid.sql.Statement - {conn-10005, pstmt-20021} Parameters : [0, 20]
DEBUG http-nio-8888-exec-5 druid.sql.Statement - {conn-10005, pstmt-20021} Types : [INTEGER, INTEGER]
DEBUG http-nio-8888-exec-5 druid.sql.Statement - {conn-10005, pstmt-20021} executed. 26.276527 millis. select a.*,(select GROUP_CONCAT(name) as tags from tag b where a.xuehua_id = b.xuehua_id) as tags from article_description a order by a.modify_time desc,id asc limit ?,?
DEBUG http-nio-8888-exec-5 druid.sql.ResultSet - {conn-10005, pstmt-20021, rs-50021} open
DEBUG http-nio-8888-exec-5 druid.sql.ResultSet - {conn-10005, pstmt-20021, rs-50021} Header: [id, title, hot, type, author, create_time, good_num, message_num, article_url, author_url, is_origin, modify_time, xuehua_id, tags]
DEBUG http-nio-8888-exec-5 druid.sql.ResultSet - {conn-10005, pstmt-20021, rs-50021} Result: [140, 漫话：如何给女朋友解释为什么双11无法修改收货地址, -1, post, 漫话编程_公众号mhcoding, 2018-11-12 10:18:08.0, 145, 39, https://juejin.im/post/5be84b54e51d4540697f2b67, https://juejin.im/user/5ab1e12d6fb9a028be35de21, -1, 2018-11-15 11:00:06.0, 1062072548205789184, 后端,服务器,游戏]
DEBUG http-nio-8888-exec-5 druid.sql.ResultSet - {conn-10005, pstmt-20021, rs-50021} Result: [211, 一文理解Netty模型架构, -1, post, 贝途, 2018-11-13 08:41:19.0, 70, 2, https://juejin.im/post/5bea1d2e51882523d3163657, https://juejin.im/user/599293375188257c666c674e, -1, 2018-11-15 11:00:06.0, 1062238646414868480, Netty,后端,服务器,架构]
DEBUG http-nio-8888-exec-5 druid.sql.ResultSet - {conn-10005, pstmt-20021, rs-50021} Result: [287, 我用 Python 爬取了妹子网100G的套图, -1, article, 小柒2012, 2018-11-13 10:08:47.0, 66, 25, https://mp.weixin.qq.com/s/Z8uqUSxVIhqulhAvVyzHTg, https://juejin.im/user/5afe8a7c518825673b62444b, -1, 2018-11-15 11:00:06.0, 1062404729591562240, Python,人工智能,后端,服务器]
DEBUG http-nio-8888-exec-5 druid.sql.ResultSet - {conn-10005, pstmt-20021, rs-50021} Result: [292, 如何健壮你的后端服务, -1, article, 匠心零度, 2018-11-14 10:10:56.0, 14, 0, https://mp.weixin.qq.com/s?__biz=MzU2NjIzNDk5NQ==&mid=2247485243&idx=1&sn=c4fdad4b4d77861f74b384e0a0d95c4a&chksm=fcaedd27cbd95431c59393b34f7b18a44625bbb1361bbc1de3282d00743cee148d8d16a3b91a&token=946927121&lang=zh_CN#rd, https://juejin.im/user/59e4b70c6fb9a045211dc32a, -1, 2018-11-15 11:00:06.0, 1062540624625926144, Java,后端,服务器]
DEBUG http-nio-8888-exec-5 druid.sql.ResultSet - {conn-10005, pstmt-20021, rs-50021} Result: [304, Nginx 不停机升级 及 gzip 压缩优化, -1, post, haifeiWu, 2018-11-14 10:04:53.0, 9, 0, https://juejin.im/post/5beb823ff265da612577a97c, https://juejin.im/user/586afdba128fe1005708f07b, -1, 2018-11-15 11:00:06.0, 1062540629298380800, Nginx,后端,百度]
DEBUG http-nio-8888-exec-5 druid.sql.ResultSet - {conn-10005, pstmt-20021, rs-50021} Result: [305, MySQL 的索引是什么？怎么优化？, -1, article, 民工哥技术之路, 2018-11-14 10:12:26.0, 17, 0, https://mp.weixin.qq.com/s?__biz=MzI0MDQ4MTM5NQ==&mid=2247487492&idx=2&sn=319be0c2fdd5a89c9464c9f2775ed551&chksm=e91b7518de6cfc0ec75c032b1bdb9b6fe90c505d543c2b45c6d021accd72a8127e6f6b54ec1b&token=1617132956&lang=zh_CN#rd, https://juejin.im/user/5aab5d5c6fb9a028df225fb8, -1, 2018-11-15 11:00:06.0, 1062540629361295360, MySQL,SQL,产品,后端]
DEBUG http-nio-8888-exec-5 druid.sql.ResultSet - {conn-10005, pstmt-20021, rs-50021} Result: [307, Python3爬取英雄联盟英雄皮肤大图, -1, post, gxcuizy, 2018-11-14 11:11:16.0, 9, 0, https://juejin.im/post/5beafb3351882545f72ffeec, https://juejin.im/user/59b0de6e5188250f4850ea06, -1, 2018-11-15 11:00:06.0, 1062555724183240704, GitHub,JavaScript,Python,爬虫]
DEBUG http-nio-8888-exec-5 druid.sql.ResultSet - {conn-10005, pstmt-20021, rs-50021} Result: [308, TarsGo新版本发布，支持protobuf，zipkin和自定义插件, -1, post, TARS小助手, 2018-11-14 11:33:56.0, 7, 0, https://juejin.im/post/5bea8ebdf265da614a3a092f, https://juejin.im/user/5bea8de3518825271b3d6be2, -1, 2018-11-15 11:00:06.0, 1062555724283904000, Go,gRPC,protobuf,开源]
DEBUG http-nio-8888-exec-5 druid.sql.ResultSet - {conn-10005, pstmt-20021, rs-50021} Result: [311, 兄弟，用大白话告诉你小白都能看懂的Hadoop架构原理, -1, post, 石杉的架构笔记, 2018-11-14 10:11:02.0, 20, 4, https://juejin.im/post/5beaf02ce51d457e90196069, https://juejin.im/user/5be0588ae51d452b0255727d, -1, 2018-11-15 11:00:06.0, 1062570824067710976, Hadoop,HDFS,MySQL,架构]
DEBUG http-nio-8888-exec-5 druid.sql.ResultSet - {conn-10005, pstmt-20021, rs-50021} Result: [312, 两分钟了解Java中volatile！, -1, post, 我是绿色大米呀, 2018-11-14 09:38:37.0, 2, 0, https://juejin.im/post/5beb7780e51d4509192b4196, https://juejin.im/user/58dfdd24b123db00604bc8d5, -1, 2018-11-15 11:00:06.0, 1062570824222900224, Java,JVM,后端]
DEBUG http-nio-8888-exec-5 druid.sql.ResultSet - {conn-10005, pstmt-20021, rs-50021} Result: [313, MySQL查询过程和高级查询, -1, article, 匠心零度, 2018-11-14 13:53:18.0, 5, 0, https://mp.weixin.qq.com/s?__biz=MzU2NjIzNDk5NQ==&mid=2247485230&idx=2&sn=add807d2b282596283cbd566ad7d7bc1&chksm=fcaedd32cbd95424050d895ac23683a6a7dbcb726b785c729e730b5699e2fd58f55c38e2452e&token=946927121&lang=zh_CN#rd, https://juejin.im/user/59e4b70c6fb9a045211dc32a, -1, 2018-11-15 11:00:06.0, 1062585923755048960, MySQL,SQL]
DEBUG http-nio-8888-exec-5 druid.sql.ResultSet - {conn-10005, pstmt-20021, rs-50021} Result: [329, 几个可以提高工作效率的 Python 内置小工具, -1, post, 追忆MHyourh, 2018-11-14 15:05:23.0, 3, 0, https://juejin.im/post/5bead2dee51d4575125a3589, https://juejin.im/user/5b0133bdf265da0b9265dcf4, -1, 2018-11-15 11:00:06.0, 1062616122274086912, JSON,Python,后端,服务器]
DEBUG http-nio-8888-exec-5 druid.sql.ResultSet - {conn-10005, pstmt-20021, rs-50021} Result: [335, 使用ThreadLocal不当可能会导致内存泄露, -1, article, 这里的文章值得一看, 2018-11-14 15:12:22.0, 4, 0, http://zhuanlan.zhihu.com/p/48342216, https://juejin.im/user/5bcec8455188255c6978411c, -1, 2018-11-15 11:00:06.0, 1062616126514528256, Java]
DEBUG http-nio-8888-exec-5 druid.sql.ResultSet - {conn-10005, pstmt-20021, rs-50021} Result: [343, Spring使用之IOC, -1, post, just_coding, 2018-11-14 16:12:20.0, 1, 0, https://juejin.im/post/5be6483cf265da614171157c, https://juejin.im/user/5ba1acbff265da0aa06eeb07, -1, 2018-11-15 11:00:06.0, 1062631221848178688, Java,Spring,后端,容器]
DEBUG http-nio-8888-exec-5 druid.sql.ResultSet - {conn-10005, pstmt-20021, rs-50021} Result: [344, java synchronize - 线程同步原理, -1, post, 爬蜥, 2018-11-14 16:15:14.0, 4, 0, https://juejin.im/post/5be6e5f4e51d454e0a1cbb95, https://juejin.im/user/5adc84c1f265da0b8d41840a, -1, 2018-11-15 11:00:06.0, 1062631222049505280, Java,JVM,后端]
DEBUG http-nio-8888-exec-5 druid.sql.ResultSet - {conn-10005, pstmt-20021, rs-50021} Result: [352, 数据库中间件 Sharding-JDBC 源码分析 —— SQL 解析（三）之查询SQL, -1, article, Java公众号_芋道源码_每日更新, 2018-11-14 06:00:35.0, 21, 0, http://www.iocoder.cn/Sharding-JDBC/sql-parse-3?juejin&2018-11-14, https://juejin.im/user/5904c637b123db3ee479d923, -1, 2018-11-15 11:00:06.0, 1062631222452158464, Java]
DEBUG http-nio-8888-exec-5 druid.sql.ResultSet - {conn-10005, pstmt-20021, rs-50021} Result: [355, 使用 Kotlin + Spring Boot 进行后端开发, -1, post, Tony沈哲, 2018-11-14 13:36:36.0, 8, 0, https://juejin.im/post/5bebb4436fb9a04a072feb74, https://juejin.im/user/58691abe1b69e6006b499792, -1, 2018-11-15 11:00:06.0, 1062631235752296448, Kotlin,Redis,Spring Boot,后端]
DEBUG http-nio-8888-exec-5 druid.sql.ResultSet - {conn-10005, pstmt-20021, rs-50021} Result: [374, 用Python生成马赛克画, -1, post, 沈仲强, 2018-11-14 17:34:53.0, 2, 1, https://juejin.im/post/5bebd93fe51d45276d661bd5, https://juejin.im/user/5add42d6518825671f2f5e26, -1, 2018-11-15 11:00:06.0, 1062646321304829952, GitHub,Python,后端,数据分析]
DEBUG http-nio-8888-exec-5 druid.sql.ResultSet - {conn-10005, pstmt-20021, rs-50021} Result: [375, Kotlin 的解析(上), -1, post, 春来江水绿如蓝, 2018-11-14 17:44:39.0, 2, 0, https://juejin.im/post/5beaf5f86fb9a04a0c2dfd0b, https://juejin.im/user/5921063a570c350069a946cf, -1, 2018-11-15 11:00:06.0, 1062646321644568576, Android,Java,Kotlin,编程语言]
DEBUG http-nio-8888-exec-5 druid.sql.ResultSet - {conn-10005, pstmt-20021, rs-50021} Result: [376, 常用验证码的识别方法, -1, post, 网易云社区, 2018-11-14 17:42:58.0, 6, 0, https://juejin.im/post/5bea7d786fb9a049b77fe6f2, https://juejin.im/user/5ab35ebbf265da23884cf80c, -1, 2018-11-15 11:00:06.0, 1062646321707483136, Google,安全,机器学习,算法]
DEBUG http-nio-8888-exec-5 druid.sql.ResultSet - {conn-10005, pstmt-20021, rs-50021} closed
DEBUG http-nio-8888-exec-5 druid.sql.Statement - {conn-10005, pstmt-20021} closed
DEBUG http-nio-8888-exec-5 druid.sql.Connection - {conn-10005} pool-recycle
DEBUG http-nio-8888-exec-4 druid.sql.Connection - {conn-10005} pool-connect
DEBUG http-nio-8888-exec-4 druid.sql.Statement - {conn-10005, pstmt-20022} created. SELECT count(0) FROM article_description a
DEBUG http-nio-8888-exec-4 druid.sql.Statement - {conn-10005, pstmt-20022} Parameters : []
DEBUG http-nio-8888-exec-4 druid.sql.Statement - {conn-10005, pstmt-20022} Types : []
DEBUG http-nio-8888-exec-4 druid.sql.Statement - {conn-10005, pstmt-20022} executed. 5.713921 millis. SELECT count(0) FROM article_description a
DEBUG http-nio-8888-exec-4 druid.sql.ResultSet - {conn-10005, pstmt-20022, rs-50022} open
DEBUG http-nio-8888-exec-4 druid.sql.ResultSet - {conn-10005, pstmt-20022, rs-50022} Header: [count(0)]
DEBUG http-nio-8888-exec-4 druid.sql.ResultSet - {conn-10005, pstmt-20022, rs-50022} Result: [233]
DEBUG http-nio-8888-exec-4 druid.sql.ResultSet - {conn-10005, pstmt-20022, rs-50022} closed
DEBUG http-nio-8888-exec-4 druid.sql.Statement - {conn-10005, pstmt-20022} closed
DEBUG http-nio-8888-exec-4 druid.sql.Statement - {conn-10005, pstmt-20023} created. select a.*,(select GROUP_CONCAT(name) as tags from tag b where a.xuehua_id = b.xuehua_id) as tags from article_description a order by a.modify_time desc,id asc limit ?,?
DEBUG http-nio-8888-exec-4 druid.sql.Statement - {conn-10005, pstmt-20023} Parameters : [0, 20]
DEBUG http-nio-8888-exec-4 druid.sql.Statement - {conn-10005, pstmt-20023} Types : [INTEGER, INTEGER]
DEBUG http-nio-8888-exec-4 druid.sql.Statement - {conn-10005, pstmt-20023} executed. 27.164677 millis. select a.*,(select GROUP_CONCAT(name) as tags from tag b where a.xuehua_id = b.xuehua_id) as tags from article_description a order by a.modify_time desc,id asc limit ?,?
DEBUG http-nio-8888-exec-4 druid.sql.ResultSet - {conn-10005, pstmt-20023, rs-50023} open
DEBUG http-nio-8888-exec-4 druid.sql.ResultSet - {conn-10005, pstmt-20023, rs-50023} Header: [id, title, hot, type, author, create_time, good_num, message_num, article_url, author_url, is_origin, modify_time, xuehua_id, tags]
DEBUG http-nio-8888-exec-4 druid.sql.ResultSet - {conn-10005, pstmt-20023, rs-50023} Result: [140, 漫话：如何给女朋友解释为什么双11无法修改收货地址, -1, post, 漫话编程_公众号mhcoding, 2018-11-12 10:18:08.0, 145, 39, https://juejin.im/post/5be84b54e51d4540697f2b67, https://juejin.im/user/5ab1e12d6fb9a028be35de21, -1, 2018-11-15 11:00:06.0, 1062072548205789184, 后端,服务器,游戏]
DEBUG http-nio-8888-exec-4 druid.sql.ResultSet - {conn-10005, pstmt-20023, rs-50023} Result: [211, 一文理解Netty模型架构, -1, post, 贝途, 2018-11-13 08:41:19.0, 70, 2, https://juejin.im/post/5bea1d2e51882523d3163657, https://juejin.im/user/599293375188257c666c674e, -1, 2018-11-15 11:00:06.0, 1062238646414868480, Netty,后端,服务器,架构]
DEBUG http-nio-8888-exec-4 druid.sql.ResultSet - {conn-10005, pstmt-20023, rs-50023} Result: [287, 我用 Python 爬取了妹子网100G的套图, -1, article, 小柒2012, 2018-11-13 10:08:47.0, 66, 25, https://mp.weixin.qq.com/s/Z8uqUSxVIhqulhAvVyzHTg, https://juejin.im/user/5afe8a7c518825673b62444b, -1, 2018-11-15 11:00:06.0, 1062404729591562240, Python,人工智能,后端,服务器]
DEBUG http-nio-8888-exec-4 druid.sql.ResultSet - {conn-10005, pstmt-20023, rs-50023} Result: [292, 如何健壮你的后端服务, -1, article, 匠心零度, 2018-11-14 10:10:56.0, 14, 0, https://mp.weixin.qq.com/s?__biz=MzU2NjIzNDk5NQ==&mid=2247485243&idx=1&sn=c4fdad4b4d77861f74b384e0a0d95c4a&chksm=fcaedd27cbd95431c59393b34f7b18a44625bbb1361bbc1de3282d00743cee148d8d16a3b91a&token=946927121&lang=zh_CN#rd, https://juejin.im/user/59e4b70c6fb9a045211dc32a, -1, 2018-11-15 11:00:06.0, 1062540624625926144, Java,后端,服务器]
DEBUG http-nio-8888-exec-4 druid.sql.ResultSet - {conn-10005, pstmt-20023, rs-50023} Result: [304, Nginx 不停机升级 及 gzip 压缩优化, -1, post, haifeiWu, 2018-11-14 10:04:53.0, 9, 0, https://juejin.im/post/5beb823ff265da612577a97c, https://juejin.im/user/586afdba128fe1005708f07b, -1, 2018-11-15 11:00:06.0, 1062540629298380800, Nginx,后端,百度]
DEBUG http-nio-8888-exec-4 druid.sql.ResultSet - {conn-10005, pstmt-20023, rs-50023} Result: [305, MySQL 的索引是什么？怎么优化？, -1, article, 民工哥技术之路, 2018-11-14 10:12:26.0, 17, 0, https://mp.weixin.qq.com/s?__biz=MzI0MDQ4MTM5NQ==&mid=2247487492&idx=2&sn=319be0c2fdd5a89c9464c9f2775ed551&chksm=e91b7518de6cfc0ec75c032b1bdb9b6fe90c505d543c2b45c6d021accd72a8127e6f6b54ec1b&token=1617132956&lang=zh_CN#rd, https://juejin.im/user/5aab5d5c6fb9a028df225fb8, -1, 2018-11-15 11:00:06.0, 1062540629361295360, MySQL,SQL,产品,后端]
DEBUG http-nio-8888-exec-4 druid.sql.ResultSet - {conn-10005, pstmt-20023, rs-50023} Result: [307, Python3爬取英雄联盟英雄皮肤大图, -1, post, gxcuizy, 2018-11-14 11:11:16.0, 9, 0, https://juejin.im/post/5beafb3351882545f72ffeec, https://juejin.im/user/59b0de6e5188250f4850ea06, -1, 2018-11-15 11:00:06.0, 1062555724183240704, GitHub,JavaScript,Python,爬虫]
DEBUG http-nio-8888-exec-4 druid.sql.ResultSet - {conn-10005, pstmt-20023, rs-50023} Result: [308, TarsGo新版本发布，支持protobuf，zipkin和自定义插件, -1, post, TARS小助手, 2018-11-14 11:33:56.0, 7, 0, https://juejin.im/post/5bea8ebdf265da614a3a092f, https://juejin.im/user/5bea8de3518825271b3d6be2, -1, 2018-11-15 11:00:06.0, 1062555724283904000, Go,gRPC,protobuf,开源]
DEBUG http-nio-8888-exec-4 druid.sql.ResultSet - {conn-10005, pstmt-20023, rs-50023} Result: [311, 兄弟，用大白话告诉你小白都能看懂的Hadoop架构原理, -1, post, 石杉的架构笔记, 2018-11-14 10:11:02.0, 20, 4, https://juejin.im/post/5beaf02ce51d457e90196069, https://juejin.im/user/5be0588ae51d452b0255727d, -1, 2018-11-15 11:00:06.0, 1062570824067710976, Hadoop,HDFS,MySQL,架构]
DEBUG http-nio-8888-exec-4 druid.sql.ResultSet - {conn-10005, pstmt-20023, rs-50023} Result: [312, 两分钟了解Java中volatile！, -1, post, 我是绿色大米呀, 2018-11-14 09:38:37.0, 2, 0, https://juejin.im/post/5beb7780e51d4509192b4196, https://juejin.im/user/58dfdd24b123db00604bc8d5, -1, 2018-11-15 11:00:06.0, 1062570824222900224, Java,JVM,后端]
DEBUG http-nio-8888-exec-4 druid.sql.ResultSet - {conn-10005, pstmt-20023, rs-50023} Result: [313, MySQL查询过程和高级查询, -1, article, 匠心零度, 2018-11-14 13:53:18.0, 5, 0, https://mp.weixin.qq.com/s?__biz=MzU2NjIzNDk5NQ==&mid=2247485230&idx=2&sn=add807d2b282596283cbd566ad7d7bc1&chksm=fcaedd32cbd95424050d895ac23683a6a7dbcb726b785c729e730b5699e2fd58f55c38e2452e&token=946927121&lang=zh_CN#rd, https://juejin.im/user/59e4b70c6fb9a045211dc32a, -1, 2018-11-15 11:00:06.0, 1062585923755048960, MySQL,SQL]
DEBUG http-nio-8888-exec-4 druid.sql.ResultSet - {conn-10005, pstmt-20023, rs-50023} Result: [329, 几个可以提高工作效率的 Python 内置小工具, -1, post, 追忆MHyourh, 2018-11-14 15:05:23.0, 3, 0, https://juejin.im/post/5bead2dee51d4575125a3589, https://juejin.im/user/5b0133bdf265da0b9265dcf4, -1, 2018-11-15 11:00:06.0, 1062616122274086912, JSON,Python,后端,服务器]
DEBUG http-nio-8888-exec-4 druid.sql.ResultSet - {conn-10005, pstmt-20023, rs-50023} Result: [335, 使用ThreadLocal不当可能会导致内存泄露, -1, article, 这里的文章值得一看, 2018-11-14 15:12:22.0, 4, 0, http://zhuanlan.zhihu.com/p/48342216, https://juejin.im/user/5bcec8455188255c6978411c, -1, 2018-11-15 11:00:06.0, 1062616126514528256, Java]
DEBUG http-nio-8888-exec-4 druid.sql.ResultSet - {conn-10005, pstmt-20023, rs-50023} Result: [343, Spring使用之IOC, -1, post, just_coding, 2018-11-14 16:12:20.0, 1, 0, https://juejin.im/post/5be6483cf265da614171157c, https://juejin.im/user/5ba1acbff265da0aa06eeb07, -1, 2018-11-15 11:00:06.0, 1062631221848178688, Java,Spring,后端,容器]
DEBUG http-nio-8888-exec-4 druid.sql.ResultSet - {conn-10005, pstmt-20023, rs-50023} Result: [344, java synchronize - 线程同步原理, -1, post, 爬蜥, 2018-11-14 16:15:14.0, 4, 0, https://juejin.im/post/5be6e5f4e51d454e0a1cbb95, https://juejin.im/user/5adc84c1f265da0b8d41840a, -1, 2018-11-15 11:00:06.0, 1062631222049505280, Java,JVM,后端]
DEBUG http-nio-8888-exec-4 druid.sql.ResultSet - {conn-10005, pstmt-20023, rs-50023} Result: [352, 数据库中间件 Sharding-JDBC 源码分析 —— SQL 解析（三）之查询SQL, -1, article, Java公众号_芋道源码_每日更新, 2018-11-14 06:00:35.0, 21, 0, http://www.iocoder.cn/Sharding-JDBC/sql-parse-3?juejin&2018-11-14, https://juejin.im/user/5904c637b123db3ee479d923, -1, 2018-11-15 11:00:06.0, 1062631222452158464, Java]
DEBUG http-nio-8888-exec-4 druid.sql.ResultSet - {conn-10005, pstmt-20023, rs-50023} Result: [355, 使用 Kotlin + Spring Boot 进行后端开发, -1, post, Tony沈哲, 2018-11-14 13:36:36.0, 8, 0, https://juejin.im/post/5bebb4436fb9a04a072feb74, https://juejin.im/user/58691abe1b69e6006b499792, -1, 2018-11-15 11:00:06.0, 1062631235752296448, Kotlin,Redis,Spring Boot,后端]
DEBUG http-nio-8888-exec-4 druid.sql.ResultSet - {conn-10005, pstmt-20023, rs-50023} Result: [374, 用Python生成马赛克画, -1, post, 沈仲强, 2018-11-14 17:34:53.0, 2, 1, https://juejin.im/post/5bebd93fe51d45276d661bd5, https://juejin.im/user/5add42d6518825671f2f5e26, -1, 2018-11-15 11:00:06.0, 1062646321304829952, GitHub,Python,后端,数据分析]
DEBUG http-nio-8888-exec-4 druid.sql.ResultSet - {conn-10005, pstmt-20023, rs-50023} Result: [375, Kotlin 的解析(上), -1, post, 春来江水绿如蓝, 2018-11-14 17:44:39.0, 2, 0, https://juejin.im/post/5beaf5f86fb9a04a0c2dfd0b, https://juejin.im/user/5921063a570c350069a946cf, -1, 2018-11-15 11:00:06.0, 1062646321644568576, Android,Java,Kotlin,编程语言]
DEBUG http-nio-8888-exec-4 druid.sql.ResultSet - {conn-10005, pstmt-20023, rs-50023} Result: [376, 常用验证码的识别方法, -1, post, 网易云社区, 2018-11-14 17:42:58.0, 6, 0, https://juejin.im/post/5bea7d786fb9a049b77fe6f2, https://juejin.im/user/5ab35ebbf265da23884cf80c, -1, 2018-11-15 11:00:06.0, 1062646321707483136, Google,安全,机器学习,算法]
DEBUG http-nio-8888-exec-4 druid.sql.ResultSet - {conn-10005, pstmt-20023, rs-50023} closed
DEBUG http-nio-8888-exec-4 druid.sql.Statement - {conn-10005, pstmt-20023} closed
DEBUG http-nio-8888-exec-4 druid.sql.Connection - {conn-10005} pool-recycle
DEBUG http-nio-8888-exec-6 druid.sql.Connection - {conn-10005} pool-connect
DEBUG http-nio-8888-exec-6 druid.sql.Statement - {conn-10005, pstmt-20024} created. SELECT count(0) FROM article_description a
DEBUG http-nio-8888-exec-6 druid.sql.Statement - {conn-10005, pstmt-20024} Parameters : []
DEBUG http-nio-8888-exec-6 druid.sql.Statement - {conn-10005, pstmt-20024} Types : []
DEBUG http-nio-8888-exec-6 druid.sql.Statement - {conn-10005, pstmt-20024} executed. 5.818028 millis. SELECT count(0) FROM article_description a
DEBUG http-nio-8888-exec-6 druid.sql.ResultSet - {conn-10005, pstmt-20024, rs-50024} open
DEBUG http-nio-8888-exec-6 druid.sql.ResultSet - {conn-10005, pstmt-20024, rs-50024} Header: [count(0)]
DEBUG http-nio-8888-exec-6 druid.sql.ResultSet - {conn-10005, pstmt-20024, rs-50024} Result: [233]
DEBUG http-nio-8888-exec-6 druid.sql.ResultSet - {conn-10005, pstmt-20024, rs-50024} closed
DEBUG http-nio-8888-exec-6 druid.sql.Statement - {conn-10005, pstmt-20024} closed
DEBUG http-nio-8888-exec-6 druid.sql.Statement - {conn-10005, pstmt-20025} created. select a.*,(select GROUP_CONCAT(name) as tags from tag b where a.xuehua_id = b.xuehua_id) as tags from article_description a order by a.modify_time desc,id asc limit ?,?
DEBUG http-nio-8888-exec-6 druid.sql.Statement - {conn-10005, pstmt-20025} Parameters : [0, 20]
DEBUG http-nio-8888-exec-6 druid.sql.Statement - {conn-10005, pstmt-20025} Types : [INTEGER, INTEGER]
DEBUG http-nio-8888-exec-6 druid.sql.Statement - {conn-10005, pstmt-20025} executed. 28.020741 millis. select a.*,(select GROUP_CONCAT(name) as tags from tag b where a.xuehua_id = b.xuehua_id) as tags from article_description a order by a.modify_time desc,id asc limit ?,?
DEBUG http-nio-8888-exec-6 druid.sql.ResultSet - {conn-10005, pstmt-20025, rs-50025} open
DEBUG http-nio-8888-exec-6 druid.sql.ResultSet - {conn-10005, pstmt-20025, rs-50025} Header: [id, title, hot, type, author, create_time, good_num, message_num, article_url, author_url, is_origin, modify_time, xuehua_id, tags]
DEBUG http-nio-8888-exec-6 druid.sql.ResultSet - {conn-10005, pstmt-20025, rs-50025} Result: [140, 漫话：如何给女朋友解释为什么双11无法修改收货地址, -1, post, 漫话编程_公众号mhcoding, 2018-11-12 10:18:08.0, 145, 39, https://juejin.im/post/5be84b54e51d4540697f2b67, https://juejin.im/user/5ab1e12d6fb9a028be35de21, -1, 2018-11-15 11:00:06.0, 1062072548205789184, 后端,服务器,游戏]
DEBUG http-nio-8888-exec-6 druid.sql.ResultSet - {conn-10005, pstmt-20025, rs-50025} Result: [211, 一文理解Netty模型架构, -1, post, 贝途, 2018-11-13 08:41:19.0, 70, 2, https://juejin.im/post/5bea1d2e51882523d3163657, https://juejin.im/user/599293375188257c666c674e, -1, 2018-11-15 11:00:06.0, 1062238646414868480, Netty,后端,服务器,架构]
DEBUG http-nio-8888-exec-6 druid.sql.ResultSet - {conn-10005, pstmt-20025, rs-50025} Result: [287, 我用 Python 爬取了妹子网100G的套图, -1, article, 小柒2012, 2018-11-13 10:08:47.0, 66, 25, https://mp.weixin.qq.com/s/Z8uqUSxVIhqulhAvVyzHTg, https://juejin.im/user/5afe8a7c518825673b62444b, -1, 2018-11-15 11:00:06.0, 1062404729591562240, Python,人工智能,后端,服务器]
DEBUG http-nio-8888-exec-6 druid.sql.ResultSet - {conn-10005, pstmt-20025, rs-50025} Result: [292, 如何健壮你的后端服务, -1, article, 匠心零度, 2018-11-14 10:10:56.0, 14, 0, https://mp.weixin.qq.com/s?__biz=MzU2NjIzNDk5NQ==&mid=2247485243&idx=1&sn=c4fdad4b4d77861f74b384e0a0d95c4a&chksm=fcaedd27cbd95431c59393b34f7b18a44625bbb1361bbc1de3282d00743cee148d8d16a3b91a&token=946927121&lang=zh_CN#rd, https://juejin.im/user/59e4b70c6fb9a045211dc32a, -1, 2018-11-15 11:00:06.0, 1062540624625926144, Java,后端,服务器]
DEBUG http-nio-8888-exec-6 druid.sql.ResultSet - {conn-10005, pstmt-20025, rs-50025} Result: [304, Nginx 不停机升级 及 gzip 压缩优化, -1, post, haifeiWu, 2018-11-14 10:04:53.0, 9, 0, https://juejin.im/post/5beb823ff265da612577a97c, https://juejin.im/user/586afdba128fe1005708f07b, -1, 2018-11-15 11:00:06.0, 1062540629298380800, Nginx,后端,百度]
DEBUG http-nio-8888-exec-6 druid.sql.ResultSet - {conn-10005, pstmt-20025, rs-50025} Result: [305, MySQL 的索引是什么？怎么优化？, -1, article, 民工哥技术之路, 2018-11-14 10:12:26.0, 17, 0, https://mp.weixin.qq.com/s?__biz=MzI0MDQ4MTM5NQ==&mid=2247487492&idx=2&sn=319be0c2fdd5a89c9464c9f2775ed551&chksm=e91b7518de6cfc0ec75c032b1bdb9b6fe90c505d543c2b45c6d021accd72a8127e6f6b54ec1b&token=1617132956&lang=zh_CN#rd, https://juejin.im/user/5aab5d5c6fb9a028df225fb8, -1, 2018-11-15 11:00:06.0, 1062540629361295360, MySQL,SQL,产品,后端]
DEBUG http-nio-8888-exec-6 druid.sql.ResultSet - {conn-10005, pstmt-20025, rs-50025} Result: [307, Python3爬取英雄联盟英雄皮肤大图, -1, post, gxcuizy, 2018-11-14 11:11:16.0, 9, 0, https://juejin.im/post/5beafb3351882545f72ffeec, https://juejin.im/user/59b0de6e5188250f4850ea06, -1, 2018-11-15 11:00:06.0, 1062555724183240704, GitHub,JavaScript,Python,爬虫]
DEBUG http-nio-8888-exec-6 druid.sql.ResultSet - {conn-10005, pstmt-20025, rs-50025} Result: [308, TarsGo新版本发布，支持protobuf，zipkin和自定义插件, -1, post, TARS小助手, 2018-11-14 11:33:56.0, 7, 0, https://juejin.im/post/5bea8ebdf265da614a3a092f, https://juejin.im/user/5bea8de3518825271b3d6be2, -1, 2018-11-15 11:00:06.0, 1062555724283904000, Go,gRPC,protobuf,开源]
DEBUG http-nio-8888-exec-6 druid.sql.ResultSet - {conn-10005, pstmt-20025, rs-50025} Result: [311, 兄弟，用大白话告诉你小白都能看懂的Hadoop架构原理, -1, post, 石杉的架构笔记, 2018-11-14 10:11:02.0, 20, 4, https://juejin.im/post/5beaf02ce51d457e90196069, https://juejin.im/user/5be0588ae51d452b0255727d, -1, 2018-11-15 11:00:06.0, 1062570824067710976, Hadoop,HDFS,MySQL,架构]
DEBUG http-nio-8888-exec-6 druid.sql.ResultSet - {conn-10005, pstmt-20025, rs-50025} Result: [312, 两分钟了解Java中volatile！, -1, post, 我是绿色大米呀, 2018-11-14 09:38:37.0, 2, 0, https://juejin.im/post/5beb7780e51d4509192b4196, https://juejin.im/user/58dfdd24b123db00604bc8d5, -1, 2018-11-15 11:00:06.0, 1062570824222900224, Java,JVM,后端]
DEBUG http-nio-8888-exec-6 druid.sql.ResultSet - {conn-10005, pstmt-20025, rs-50025} Result: [313, MySQL查询过程和高级查询, -1, article, 匠心零度, 2018-11-14 13:53:18.0, 5, 0, https://mp.weixin.qq.com/s?__biz=MzU2NjIzNDk5NQ==&mid=2247485230&idx=2&sn=add807d2b282596283cbd566ad7d7bc1&chksm=fcaedd32cbd95424050d895ac23683a6a7dbcb726b785c729e730b5699e2fd58f55c38e2452e&token=946927121&lang=zh_CN#rd, https://juejin.im/user/59e4b70c6fb9a045211dc32a, -1, 2018-11-15 11:00:06.0, 1062585923755048960, MySQL,SQL]
DEBUG http-nio-8888-exec-6 druid.sql.ResultSet - {conn-10005, pstmt-20025, rs-50025} Result: [329, 几个可以提高工作效率的 Python 内置小工具, -1, post, 追忆MHyourh, 2018-11-14 15:05:23.0, 3, 0, https://juejin.im/post/5bead2dee51d4575125a3589, https://juejin.im/user/5b0133bdf265da0b9265dcf4, -1, 2018-11-15 11:00:06.0, 1062616122274086912, JSON,Python,后端,服务器]
DEBUG http-nio-8888-exec-6 druid.sql.ResultSet - {conn-10005, pstmt-20025, rs-50025} Result: [335, 使用ThreadLocal不当可能会导致内存泄露, -1, article, 这里的文章值得一看, 2018-11-14 15:12:22.0, 4, 0, http://zhuanlan.zhihu.com/p/48342216, https://juejin.im/user/5bcec8455188255c6978411c, -1, 2018-11-15 11:00:06.0, 1062616126514528256, Java]
DEBUG http-nio-8888-exec-6 druid.sql.ResultSet - {conn-10005, pstmt-20025, rs-50025} Result: [343, Spring使用之IOC, -1, post, just_coding, 2018-11-14 16:12:20.0, 1, 0, https://juejin.im/post/5be6483cf265da614171157c, https://juejin.im/user/5ba1acbff265da0aa06eeb07, -1, 2018-11-15 11:00:06.0, 1062631221848178688, Java,Spring,后端,容器]
DEBUG http-nio-8888-exec-6 druid.sql.ResultSet - {conn-10005, pstmt-20025, rs-50025} Result: [344, java synchronize - 线程同步原理, -1, post, 爬蜥, 2018-11-14 16:15:14.0, 4, 0, https://juejin.im/post/5be6e5f4e51d454e0a1cbb95, https://juejin.im/user/5adc84c1f265da0b8d41840a, -1, 2018-11-15 11:00:06.0, 1062631222049505280, Java,JVM,后端]
DEBUG http-nio-8888-exec-6 druid.sql.ResultSet - {conn-10005, pstmt-20025, rs-50025} Result: [352, 数据库中间件 Sharding-JDBC 源码分析 —— SQL 解析（三）之查询SQL, -1, article, Java公众号_芋道源码_每日更新, 2018-11-14 06:00:35.0, 21, 0, http://www.iocoder.cn/Sharding-JDBC/sql-parse-3?juejin&2018-11-14, https://juejin.im/user/5904c637b123db3ee479d923, -1, 2018-11-15 11:00:06.0, 1062631222452158464, Java]
DEBUG http-nio-8888-exec-6 druid.sql.ResultSet - {conn-10005, pstmt-20025, rs-50025} Result: [355, 使用 Kotlin + Spring Boot 进行后端开发, -1, post, Tony沈哲, 2018-11-14 13:36:36.0, 8, 0, https://juejin.im/post/5bebb4436fb9a04a072feb74, https://juejin.im/user/58691abe1b69e6006b499792, -1, 2018-11-15 11:00:06.0, 1062631235752296448, Kotlin,Redis,Spring Boot,后端]
DEBUG http-nio-8888-exec-6 druid.sql.ResultSet - {conn-10005, pstmt-20025, rs-50025} Result: [374, 用Python生成马赛克画, -1, post, 沈仲强, 2018-11-14 17:34:53.0, 2, 1, https://juejin.im/post/5bebd93fe51d45276d661bd5, https://juejin.im/user/5add42d6518825671f2f5e26, -1, 2018-11-15 11:00:06.0, 1062646321304829952, GitHub,Python,后端,数据分析]
DEBUG http-nio-8888-exec-6 druid.sql.ResultSet - {conn-10005, pstmt-20025, rs-50025} Result: [375, Kotlin 的解析(上), -1, post, 春来江水绿如蓝, 2018-11-14 17:44:39.0, 2, 0, https://juejin.im/post/5beaf5f86fb9a04a0c2dfd0b, https://juejin.im/user/5921063a570c350069a946cf, -1, 2018-11-15 11:00:06.0, 1062646321644568576, Android,Java,Kotlin,编程语言]
DEBUG http-nio-8888-exec-6 druid.sql.ResultSet - {conn-10005, pstmt-20025, rs-50025} Result: [376, 常用验证码的识别方法, -1, post, 网易云社区, 2018-11-14 17:42:58.0, 6, 0, https://juejin.im/post/5bea7d786fb9a049b77fe6f2, https://juejin.im/user/5ab35ebbf265da23884cf80c, -1, 2018-11-15 11:00:06.0, 1062646321707483136, Google,安全,机器学习,算法]
DEBUG http-nio-8888-exec-6 druid.sql.ResultSet - {conn-10005, pstmt-20025, rs-50025} closed
DEBUG http-nio-8888-exec-6 druid.sql.Statement - {conn-10005, pstmt-20025} closed
DEBUG http-nio-8888-exec-6 druid.sql.Connection - {conn-10005} pool-recycle
DEBUG http-nio-8888-exec-7 druid.sql.Connection - {conn-10005} pool-connect
DEBUG http-nio-8888-exec-7 druid.sql.Statement - {conn-10005, pstmt-20026} created. SELECT count(0) FROM article_description a
DEBUG http-nio-8888-exec-7 druid.sql.Statement - {conn-10005, pstmt-20026} Parameters : []
DEBUG http-nio-8888-exec-7 druid.sql.Statement - {conn-10005, pstmt-20026} Types : []
DEBUG http-nio-8888-exec-7 druid.sql.Statement - {conn-10005, pstmt-20026} executed. 6.859436 millis. SELECT count(0) FROM article_description a
DEBUG http-nio-8888-exec-7 druid.sql.ResultSet - {conn-10005, pstmt-20026, rs-50026} open
DEBUG http-nio-8888-exec-7 druid.sql.ResultSet - {conn-10005, pstmt-20026, rs-50026} Header: [count(0)]
DEBUG http-nio-8888-exec-7 druid.sql.ResultSet - {conn-10005, pstmt-20026, rs-50026} Result: [233]
DEBUG http-nio-8888-exec-7 druid.sql.ResultSet - {conn-10005, pstmt-20026, rs-50026} closed
DEBUG http-nio-8888-exec-7 druid.sql.Statement - {conn-10005, pstmt-20026} closed
DEBUG http-nio-8888-exec-7 druid.sql.Statement - {conn-10005, pstmt-20027} created. select a.*,(select GROUP_CONCAT(name) as tags from tag b where a.xuehua_id = b.xuehua_id) as tags from article_description a order by a.modify_time desc,id asc limit ?,?
DEBUG http-nio-8888-exec-7 druid.sql.Statement - {conn-10005, pstmt-20027} Parameters : [0, 20]
DEBUG http-nio-8888-exec-7 druid.sql.Statement - {conn-10005, pstmt-20027} Types : [INTEGER, INTEGER]
DEBUG http-nio-8888-exec-7 druid.sql.Statement - {conn-10005, pstmt-20027} executed. 25.353562 millis. select a.*,(select GROUP_CONCAT(name) as tags from tag b where a.xuehua_id = b.xuehua_id) as tags from article_description a order by a.modify_time desc,id asc limit ?,?
DEBUG http-nio-8888-exec-7 druid.sql.ResultSet - {conn-10005, pstmt-20027, rs-50027} open
DEBUG http-nio-8888-exec-7 druid.sql.ResultSet - {conn-10005, pstmt-20027, rs-50027} Header: [id, title, hot, type, author, create_time, good_num, message_num, article_url, author_url, is_origin, modify_time, xuehua_id, tags]
DEBUG http-nio-8888-exec-7 druid.sql.ResultSet - {conn-10005, pstmt-20027, rs-50027} Result: [140, 漫话：如何给女朋友解释为什么双11无法修改收货地址, -1, post, 漫话编程_公众号mhcoding, 2018-11-12 10:18:08.0, 145, 39, https://juejin.im/post/5be84b54e51d4540697f2b67, https://juejin.im/user/5ab1e12d6fb9a028be35de21, -1, 2018-11-15 11:00:06.0, 1062072548205789184, 后端,服务器,游戏]
DEBUG http-nio-8888-exec-7 druid.sql.ResultSet - {conn-10005, pstmt-20027, rs-50027} Result: [211, 一文理解Netty模型架构, -1, post, 贝途, 2018-11-13 08:41:19.0, 70, 2, https://juejin.im/post/5bea1d2e51882523d3163657, https://juejin.im/user/599293375188257c666c674e, -1, 2018-11-15 11:00:06.0, 1062238646414868480, Netty,后端,服务器,架构]
DEBUG http-nio-8888-exec-7 druid.sql.ResultSet - {conn-10005, pstmt-20027, rs-50027} Result: [287, 我用 Python 爬取了妹子网100G的套图, -1, article, 小柒2012, 2018-11-13 10:08:47.0, 66, 25, https://mp.weixin.qq.com/s/Z8uqUSxVIhqulhAvVyzHTg, https://juejin.im/user/5afe8a7c518825673b62444b, -1, 2018-11-15 11:00:06.0, 1062404729591562240, Python,人工智能,后端,服务器]
DEBUG http-nio-8888-exec-7 druid.sql.ResultSet - {conn-10005, pstmt-20027, rs-50027} Result: [292, 如何健壮你的后端服务, -1, article, 匠心零度, 2018-11-14 10:10:56.0, 14, 0, https://mp.weixin.qq.com/s?__biz=MzU2NjIzNDk5NQ==&mid=2247485243&idx=1&sn=c4fdad4b4d77861f74b384e0a0d95c4a&chksm=fcaedd27cbd95431c59393b34f7b18a44625bbb1361bbc1de3282d00743cee148d8d16a3b91a&token=946927121&lang=zh_CN#rd, https://juejin.im/user/59e4b70c6fb9a045211dc32a, -1, 2018-11-15 11:00:06.0, 1062540624625926144, Java,后端,服务器]
DEBUG http-nio-8888-exec-7 druid.sql.ResultSet - {conn-10005, pstmt-20027, rs-50027} Result: [304, Nginx 不停机升级 及 gzip 压缩优化, -1, post, haifeiWu, 2018-11-14 10:04:53.0, 9, 0, https://juejin.im/post/5beb823ff265da612577a97c, https://juejin.im/user/586afdba128fe1005708f07b, -1, 2018-11-15 11:00:06.0, 1062540629298380800, Nginx,后端,百度]
DEBUG http-nio-8888-exec-7 druid.sql.ResultSet - {conn-10005, pstmt-20027, rs-50027} Result: [305, MySQL 的索引是什么？怎么优化？, -1, article, 民工哥技术之路, 2018-11-14 10:12:26.0, 17, 0, https://mp.weixin.qq.com/s?__biz=MzI0MDQ4MTM5NQ==&mid=2247487492&idx=2&sn=319be0c2fdd5a89c9464c9f2775ed551&chksm=e91b7518de6cfc0ec75c032b1bdb9b6fe90c505d543c2b45c6d021accd72a8127e6f6b54ec1b&token=1617132956&lang=zh_CN#rd, https://juejin.im/user/5aab5d5c6fb9a028df225fb8, -1, 2018-11-15 11:00:06.0, 1062540629361295360, MySQL,SQL,产品,后端]
DEBUG http-nio-8888-exec-7 druid.sql.ResultSet - {conn-10005, pstmt-20027, rs-50027} Result: [307, Python3爬取英雄联盟英雄皮肤大图, -1, post, gxcuizy, 2018-11-14 11:11:16.0, 9, 0, https://juejin.im/post/5beafb3351882545f72ffeec, https://juejin.im/user/59b0de6e5188250f4850ea06, -1, 2018-11-15 11:00:06.0, 1062555724183240704, GitHub,JavaScript,Python,爬虫]
DEBUG http-nio-8888-exec-7 druid.sql.ResultSet - {conn-10005, pstmt-20027, rs-50027} Result: [308, TarsGo新版本发布，支持protobuf，zipkin和自定义插件, -1, post, TARS小助手, 2018-11-14 11:33:56.0, 7, 0, https://juejin.im/post/5bea8ebdf265da614a3a092f, https://juejin.im/user/5bea8de3518825271b3d6be2, -1, 2018-11-15 11:00:06.0, 1062555724283904000, Go,gRPC,protobuf,开源]
DEBUG http-nio-8888-exec-7 druid.sql.ResultSet - {conn-10005, pstmt-20027, rs-50027} Result: [311, 兄弟，用大白话告诉你小白都能看懂的Hadoop架构原理, -1, post, 石杉的架构笔记, 2018-11-14 10:11:02.0, 20, 4, https://juejin.im/post/5beaf02ce51d457e90196069, https://juejin.im/user/5be0588ae51d452b0255727d, -1, 2018-11-15 11:00:06.0, 1062570824067710976, Hadoop,HDFS,MySQL,架构]
DEBUG http-nio-8888-exec-7 druid.sql.ResultSet - {conn-10005, pstmt-20027, rs-50027} Result: [312, 两分钟了解Java中volatile！, -1, post, 我是绿色大米呀, 2018-11-14 09:38:37.0, 2, 0, https://juejin.im/post/5beb7780e51d4509192b4196, https://juejin.im/user/58dfdd24b123db00604bc8d5, -1, 2018-11-15 11:00:06.0, 1062570824222900224, Java,JVM,后端]
DEBUG http-nio-8888-exec-7 druid.sql.ResultSet - {conn-10005, pstmt-20027, rs-50027} Result: [313, MySQL查询过程和高级查询, -1, article, 匠心零度, 2018-11-14 13:53:18.0, 5, 0, https://mp.weixin.qq.com/s?__biz=MzU2NjIzNDk5NQ==&mid=2247485230&idx=2&sn=add807d2b282596283cbd566ad7d7bc1&chksm=fcaedd32cbd95424050d895ac23683a6a7dbcb726b785c729e730b5699e2fd58f55c38e2452e&token=946927121&lang=zh_CN#rd, https://juejin.im/user/59e4b70c6fb9a045211dc32a, -1, 2018-11-15 11:00:06.0, 1062585923755048960, MySQL,SQL]
DEBUG http-nio-8888-exec-7 druid.sql.ResultSet - {conn-10005, pstmt-20027, rs-50027} Result: [329, 几个可以提高工作效率的 Python 内置小工具, -1, post, 追忆MHyourh, 2018-11-14 15:05:23.0, 3, 0, https://juejin.im/post/5bead2dee51d4575125a3589, https://juejin.im/user/5b0133bdf265da0b9265dcf4, -1, 2018-11-15 11:00:06.0, 1062616122274086912, JSON,Python,后端,服务器]
DEBUG http-nio-8888-exec-7 druid.sql.ResultSet - {conn-10005, pstmt-20027, rs-50027} Result: [335, 使用ThreadLocal不当可能会导致内存泄露, -1, article, 这里的文章值得一看, 2018-11-14 15:12:22.0, 4, 0, http://zhuanlan.zhihu.com/p/48342216, https://juejin.im/user/5bcec8455188255c6978411c, -1, 2018-11-15 11:00:06.0, 1062616126514528256, Java]
DEBUG http-nio-8888-exec-7 druid.sql.ResultSet - {conn-10005, pstmt-20027, rs-50027} Result: [343, Spring使用之IOC, -1, post, just_coding, 2018-11-14 16:12:20.0, 1, 0, https://juejin.im/post/5be6483cf265da614171157c, https://juejin.im/user/5ba1acbff265da0aa06eeb07, -1, 2018-11-15 11:00:06.0, 1062631221848178688, Java,Spring,后端,容器]
DEBUG http-nio-8888-exec-7 druid.sql.ResultSet - {conn-10005, pstmt-20027, rs-50027} Result: [344, java synchronize - 线程同步原理, -1, post, 爬蜥, 2018-11-14 16:15:14.0, 4, 0, https://juejin.im/post/5be6e5f4e51d454e0a1cbb95, https://juejin.im/user/5adc84c1f265da0b8d41840a, -1, 2018-11-15 11:00:06.0, 1062631222049505280, Java,JVM,后端]
DEBUG http-nio-8888-exec-7 druid.sql.ResultSet - {conn-10005, pstmt-20027, rs-50027} Result: [352, 数据库中间件 Sharding-JDBC 源码分析 —— SQL 解析（三）之查询SQL, -1, article, Java公众号_芋道源码_每日更新, 2018-11-14 06:00:35.0, 21, 0, http://www.iocoder.cn/Sharding-JDBC/sql-parse-3?juejin&2018-11-14, https://juejin.im/user/5904c637b123db3ee479d923, -1, 2018-11-15 11:00:06.0, 1062631222452158464, Java]
DEBUG http-nio-8888-exec-7 druid.sql.ResultSet - {conn-10005, pstmt-20027, rs-50027} Result: [355, 使用 Kotlin + Spring Boot 进行后端开发, -1, post, Tony沈哲, 2018-11-14 13:36:36.0, 8, 0, https://juejin.im/post/5bebb4436fb9a04a072feb74, https://juejin.im/user/58691abe1b69e6006b499792, -1, 2018-11-15 11:00:06.0, 1062631235752296448, Kotlin,Redis,Spring Boot,后端]
DEBUG http-nio-8888-exec-7 druid.sql.ResultSet - {conn-10005, pstmt-20027, rs-50027} Result: [374, 用Python生成马赛克画, -1, post, 沈仲强, 2018-11-14 17:34:53.0, 2, 1, https://juejin.im/post/5bebd93fe51d45276d661bd5, https://juejin.im/user/5add42d6518825671f2f5e26, -1, 2018-11-15 11:00:06.0, 1062646321304829952, GitHub,Python,后端,数据分析]
DEBUG http-nio-8888-exec-7 druid.sql.ResultSet - {conn-10005, pstmt-20027, rs-50027} Result: [375, Kotlin 的解析(上), -1, post, 春来江水绿如蓝, 2018-11-14 17:44:39.0, 2, 0, https://juejin.im/post/5beaf5f86fb9a04a0c2dfd0b, https://juejin.im/user/5921063a570c350069a946cf, -1, 2018-11-15 11:00:06.0, 1062646321644568576, Android,Java,Kotlin,编程语言]
DEBUG http-nio-8888-exec-7 druid.sql.ResultSet - {conn-10005, pstmt-20027, rs-50027} Result: [376, 常用验证码的识别方法, -1, post, 网易云社区, 2018-11-14 17:42:58.0, 6, 0, https://juejin.im/post/5bea7d786fb9a049b77fe6f2, https://juejin.im/user/5ab35ebbf265da23884cf80c, -1, 2018-11-15 11:00:06.0, 1062646321707483136, Google,安全,机器学习,算法]
DEBUG http-nio-8888-exec-7 druid.sql.ResultSet - {conn-10005, pstmt-20027, rs-50027} closed
DEBUG http-nio-8888-exec-7 druid.sql.Statement - {conn-10005, pstmt-20027} closed
DEBUG http-nio-8888-exec-7 druid.sql.Connection - {conn-10005} pool-recycle
